[PGD] Using default eps for (res1dnet31 x msos) = 0.0015
[DATA] dataset=msos X_wave=(500, 160000) y=(500,)
[MODEL] loading ckpt: /mnt/left/home/2025/tony/hsinyuan/AIM_audio/experiment_utils/checkpoints/msos/res1dnet31/best_model.pth
[EXPL] loading: /mnt/left/home/2025/tony/hsinyuan/AIM_audio/expl_msos/res1dnet31/smoothgrad.npy
[EXPL] saliency: (500, 160000)
[ORDER] Loading cached orders from /mnt/left/home/2025/tony/hsinyuan/AIM_audio/morf_lerf/_cache/msos/res1dnet31/orders/smoothgrad_desc.npy
[PGD] Loading cached PGD from /mnt/left/home/2025/tony/hsinyuan/AIM_audio/morf_lerf/_cache/msos/res1dnet31/pgd/nofold/pgd_eps0.0015_steps20.npy
[MORF-RANK] step 00/20 | masked=  0.0% | points=    0/160000 | acc=0.9180
[MORF-RANK] step 01/20 | masked=  5.0% | points= 8000/160000 | acc=0.8640
[MORF-RANK] step 02/20 | masked= 10.0% | points=16000/160000 | acc=0.8300
[MORF-RANK] step 03/20 | masked= 15.0% | points=24000/160000 | acc=0.7720
[MORF-RANK] step 04/20 | masked= 20.0% | points=32000/160000 | acc=0.7220
[MORF-RANK] step 05/20 | masked= 25.0% | points=40000/160000 | acc=0.6600
[MORF-RANK] step 06/20 | masked= 30.0% | points=48000/160000 | acc=0.6280
[MORF-RANK] step 07/20 | masked= 35.0% | points=56000/160000 | acc=0.5620
[MORF-RANK] step 08/20 | masked= 40.0% | points=64000/160000 | acc=0.5300
[MORF-RANK] step 09/20 | masked= 45.0% | points=72000/160000 | acc=0.4900
[MORF-RANK] step 10/20 | masked= 50.0% | points=80000/160000 | acc=0.4580
[MORF-RANK] step 11/20 | masked= 55.0% | points=88000/160000 | acc=0.4360
[MORF-RANK] step 12/20 | masked= 60.0% | points=96000/160000 | acc=0.4140
[MORF-RANK] step 13/20 | masked= 65.0% | points=104000/160000 | acc=0.3860
[MORF-RANK] step 14/20 | masked= 70.0% | points=112000/160000 | acc=0.3560
[MORF-RANK] step 15/20 | masked= 75.0% | points=120000/160000 | acc=0.3340
[MORF-RANK] step 16/20 | masked= 80.0% | points=128000/160000 | acc=0.3160
[MORF-RANK] step 17/20 | masked= 85.0% | points=136000/160000 | acc=0.3000
[MORF-RANK] step 18/20 | masked= 90.0% | points=144000/160000 | acc=0.2720
[MORF-RANK] step 19/20 | masked= 95.0% | points=152000/160000 | acc=0.2440
[MORF-RANK] step 20/20 | masked=100.0% | points=160000/160000 | acc=0.2060
[LERF-RANK] step 00/20 | masked=  0.0% | points=    0/160000 | acc=0.9180
[LERF-RANK] step 01/20 | masked=  5.0% | points= 8000/160000 | acc=0.8660
[LERF-RANK] step 02/20 | masked= 10.0% | points=16000/160000 | acc=0.8320
[LERF-RANK] step 03/20 | masked= 15.0% | points=24000/160000 | acc=0.7720
[LERF-RANK] step 04/20 | masked= 20.0% | points=32000/160000 | acc=0.7160
[LERF-RANK] step 05/20 | masked= 25.0% | points=40000/160000 | acc=0.6540
[LERF-RANK] step 06/20 | masked= 30.0% | points=48000/160000 | acc=0.6220
[LERF-RANK] step 07/20 | masked= 35.0% | points=56000/160000 | acc=0.5660
[LERF-RANK] step 08/20 | masked= 40.0% | points=64000/160000 | acc=0.5240
[LERF-RANK] step 09/20 | masked= 45.0% | points=72000/160000 | acc=0.4860
[LERF-RANK] step 10/20 | masked= 50.0% | points=80000/160000 | acc=0.4600
[LERF-RANK] step 11/20 | masked= 55.0% | points=88000/160000 | acc=0.4400
[LERF-RANK] step 12/20 | masked= 60.0% | points=96000/160000 | acc=0.4140
[LERF-RANK] step 13/20 | masked= 65.0% | points=104000/160000 | acc=0.3900
[LERF-RANK] step 14/20 | masked= 70.0% | points=112000/160000 | acc=0.3600
[LERF-RANK] step 15/20 | masked= 75.0% | points=120000/160000 | acc=0.3300
[LERF-RANK] step 16/20 | masked= 80.0% | points=128000/160000 | acc=0.3160
[LERF-RANK] step 17/20 | masked= 85.0% | points=136000/160000 | acc=0.2980
[LERF-RANK] step 18/20 | masked= 90.0% | points=144000/160000 | acc=0.2720
[LERF-RANK] step 19/20 | masked= 95.0% | points=152000/160000 | acc=0.2440
[LERF-RANK] step 20/20 | masked=100.0% | points=160000/160000 | acc=0.2060
Saved to: morf_lerf/msos/res1dnet31/pgd
