[DATA] dataset=audiomnist X_wave=(6000, 8000) y=(6000,)
[MODEL] loading ckpt: /mnt/left/home/2025/tony/hsinyuan/AIM_audio/experiment_utils/checkpoints/audiomnist/res1dnet31/best_model.pth
[EXPL] loading: /mnt/left/home/2025/tony/hsinyuan/AIM_audio/expl_audiomnist/res1dnet31/smoothgrad_abs.npy
[EXPL] saliency: (6000, 8000)
[MORF-INTERVAL] step 00/20 | masked=  0.0% | L=    0/8000 | acc=0.9807
[MORF-INTERVAL] step 01/20 | masked=  5.0% | L=  400/8000 | acc=0.9355
[MORF-INTERVAL] step 02/20 | masked= 10.0% | L=  800/8000 | acc=0.8852
[MORF-INTERVAL] step 03/20 | masked= 15.0% | L= 1200/8000 | acc=0.8550
[MORF-INTERVAL] step 04/20 | masked= 20.0% | L= 1600/8000 | acc=0.8102
[MORF-INTERVAL] step 05/20 | masked= 25.0% | L= 2000/8000 | acc=0.7433
[MORF-INTERVAL] step 06/20 | masked= 30.0% | L= 2400/8000 | acc=0.6412
[MORF-INTERVAL] step 07/20 | masked= 35.0% | L= 2800/8000 | acc=0.4937
[MORF-INTERVAL] step 08/20 | masked= 40.0% | L= 3200/8000 | acc=0.3507
[MORF-INTERVAL] step 09/20 | masked= 45.0% | L= 3600/8000 | acc=0.2507
[MORF-INTERVAL] step 10/20 | masked= 50.0% | L= 4000/8000 | acc=0.1882
[MORF-INTERVAL] step 11/20 | masked= 55.0% | L= 4400/8000 | acc=0.1487
[MORF-INTERVAL] step 12/20 | masked= 60.0% | L= 4800/8000 | acc=0.1352
[MORF-INTERVAL] step 13/20 | masked= 65.0% | L= 5200/8000 | acc=0.1300
[MORF-INTERVAL] step 14/20 | masked= 70.0% | L= 5600/8000 | acc=0.1290
[MORF-INTERVAL] step 15/20 | masked= 75.0% | L= 6000/8000 | acc=0.1297
[MORF-INTERVAL] step 16/20 | masked= 80.0% | L= 6400/8000 | acc=0.1312
[MORF-INTERVAL] step 17/20 | masked= 85.0% | L= 6800/8000 | acc=0.1342
[MORF-INTERVAL] step 18/20 | masked= 90.0% | L= 7200/8000 | acc=0.1398
[MORF-INTERVAL] step 19/20 | masked= 95.0% | L= 7600/8000 | acc=0.1412
[MORF-INTERVAL] step 20/20 | masked=100.0% | L= 8000/8000 | acc=0.1445
[LERF-INTERVAL] step 00/20 | masked=  0.0% | L=    0/8000 | acc=0.9807
[LERF-INTERVAL] step 01/20 | masked=  5.0% | L=  400/8000 | acc=0.9783
[LERF-INTERVAL] step 02/20 | masked= 10.0% | L=  800/8000 | acc=0.9743
[LERF-INTERVAL] step 03/20 | masked= 15.0% | L= 1200/8000 | acc=0.9510
[LERF-INTERVAL] step 04/20 | masked= 20.0% | L= 1600/8000 | acc=0.9182
[LERF-INTERVAL] step 05/20 | masked= 25.0% | L= 2000/8000 | acc=0.9272
[LERF-INTERVAL] step 06/20 | masked= 30.0% | L= 2400/8000 | acc=0.9115
[LERF-INTERVAL] step 07/20 | masked= 35.0% | L= 2800/8000 | acc=0.8782
[LERF-INTERVAL] step 08/20 | masked= 40.0% | L= 3200/8000 | acc=0.8460
[LERF-INTERVAL] step 09/20 | masked= 45.0% | L= 3600/8000 | acc=0.8087
[LERF-INTERVAL] step 10/20 | masked= 50.0% | L= 4000/8000 | acc=0.7518
[LERF-INTERVAL] step 11/20 | masked= 55.0% | L= 4400/8000 | acc=0.6828
[LERF-INTERVAL] step 12/20 | masked= 60.0% | L= 4800/8000 | acc=0.5983
[LERF-INTERVAL] step 13/20 | masked= 65.0% | L= 5200/8000 | acc=0.4935
[LERF-INTERVAL] step 14/20 | masked= 70.0% | L= 5600/8000 | acc=0.3728
[LERF-INTERVAL] step 15/20 | masked= 75.0% | L= 6000/8000 | acc=0.2705
[LERF-INTERVAL] step 16/20 | masked= 80.0% | L= 6400/8000 | acc=0.2012
[LERF-INTERVAL] step 17/20 | masked= 85.0% | L= 6800/8000 | acc=0.1630
[LERF-INTERVAL] step 18/20 | masked= 90.0% | L= 7200/8000 | acc=0.1412
[LERF-INTERVAL] step 19/20 | masked= 95.0% | L= 7600/8000 | acc=0.1438
[LERF-INTERVAL] step 20/20 | masked=100.0% | L= 8000/8000 | acc=0.1445
Saved to: /mnt/left/home/2025/tony/hsinyuan/AIM_audio/morf_lerf_interval/audiomnist/res1dnet31/road
