[DATA] dataset=audiomnist X_wave=(6000, 8000) y=(6000,)
[MODEL] loading ckpt: /mnt/left/home/2025/tony/hsinyuan/AIM_audio/experiment_utils/checkpoints/audiomnist/res1dnet31/best_model.pth
[EXPL] loading: /mnt/left/home/2025/tony/hsinyuan/AIM_audio/expl_audiomnist/res1dnet31/integrad.npy
[EXPL] saliency: (6000, 8000)
[MORF-INTERVAL] step 00/20 | masked=  0.0% | L=    0/8000 | acc=0.9807
[MORF-INTERVAL] step 01/20 | masked=  5.0% | L=  400/8000 | acc=0.9233
[MORF-INTERVAL] step 02/20 | masked= 10.0% | L=  800/8000 | acc=0.8223
[MORF-INTERVAL] step 03/20 | masked= 15.0% | L= 1200/8000 | acc=0.7182
[MORF-INTERVAL] step 04/20 | masked= 20.0% | L= 1600/8000 | acc=0.6132
[MORF-INTERVAL] step 05/20 | masked= 25.0% | L= 2000/8000 | acc=0.4858
[MORF-INTERVAL] step 06/20 | masked= 30.0% | L= 2400/8000 | acc=0.3892
[MORF-INTERVAL] step 07/20 | masked= 35.0% | L= 2800/8000 | acc=0.3132
[MORF-INTERVAL] step 08/20 | masked= 40.0% | L= 3200/8000 | acc=0.2518
[MORF-INTERVAL] step 09/20 | masked= 45.0% | L= 3600/8000 | acc=0.2203
[MORF-INTERVAL] step 10/20 | masked= 50.0% | L= 4000/8000 | acc=0.2027
[MORF-INTERVAL] step 11/20 | masked= 55.0% | L= 4400/8000 | acc=0.1888
[MORF-INTERVAL] step 12/20 | masked= 60.0% | L= 4800/8000 | acc=0.1747
[MORF-INTERVAL] step 13/20 | masked= 65.0% | L= 5200/8000 | acc=0.1597
[MORF-INTERVAL] step 14/20 | masked= 70.0% | L= 5600/8000 | acc=0.1387
[MORF-INTERVAL] step 15/20 | masked= 75.0% | L= 6000/8000 | acc=0.1273
[MORF-INTERVAL] step 16/20 | masked= 80.0% | L= 6400/8000 | acc=0.1148
[MORF-INTERVAL] step 17/20 | masked= 85.0% | L= 6800/8000 | acc=0.1037
[MORF-INTERVAL] step 18/20 | masked= 90.0% | L= 7200/8000 | acc=0.1003
[MORF-INTERVAL] step 19/20 | masked= 95.0% | L= 7600/8000 | acc=0.1008
[MORF-INTERVAL] step 20/20 | masked=100.0% | L= 8000/8000 | acc=0.1000
[LERF-INTERVAL] step 00/20 | masked=  0.0% | L=    0/8000 | acc=0.9807
[LERF-INTERVAL] step 01/20 | masked=  5.0% | L=  400/8000 | acc=0.9753
[LERF-INTERVAL] step 02/20 | masked= 10.0% | L=  800/8000 | acc=0.9765
[LERF-INTERVAL] step 03/20 | masked= 15.0% | L= 1200/8000 | acc=0.9790
[LERF-INTERVAL] step 04/20 | masked= 20.0% | L= 1600/8000 | acc=0.9800
[LERF-INTERVAL] step 05/20 | masked= 25.0% | L= 2000/8000 | acc=0.9787
[LERF-INTERVAL] step 06/20 | masked= 30.0% | L= 2400/8000 | acc=0.9768
[LERF-INTERVAL] step 07/20 | masked= 35.0% | L= 2800/8000 | acc=0.9728
[LERF-INTERVAL] step 08/20 | masked= 40.0% | L= 3200/8000 | acc=0.9658
[LERF-INTERVAL] step 09/20 | masked= 45.0% | L= 3600/8000 | acc=0.9495
[LERF-INTERVAL] step 10/20 | masked= 50.0% | L= 4000/8000 | acc=0.9038
[LERF-INTERVAL] step 11/20 | masked= 55.0% | L= 4400/8000 | acc=0.8163
[LERF-INTERVAL] step 12/20 | masked= 60.0% | L= 4800/8000 | acc=0.6668
[LERF-INTERVAL] step 13/20 | masked= 65.0% | L= 5200/8000 | acc=0.4980
[LERF-INTERVAL] step 14/20 | masked= 70.0% | L= 5600/8000 | acc=0.3557
[LERF-INTERVAL] step 15/20 | masked= 75.0% | L= 6000/8000 | acc=0.2433
[LERF-INTERVAL] step 16/20 | masked= 80.0% | L= 6400/8000 | acc=0.1640
[LERF-INTERVAL] step 17/20 | masked= 85.0% | L= 6800/8000 | acc=0.1135
[LERF-INTERVAL] step 18/20 | masked= 90.0% | L= 7200/8000 | acc=0.1020
[LERF-INTERVAL] step 19/20 | masked= 95.0% | L= 7600/8000 | acc=0.1007
[LERF-INTERVAL] step 20/20 | masked=100.0% | L= 8000/8000 | acc=0.1000
Saved to: /mnt/left/home/2025/tony/hsinyuan/AIM_audio/morf_lerf_interval/audiomnist/res1dnet31/zero
