[PGD] Using default eps for (res1dnet31 x audiomnist) = 0.045
[DATA] dataset=audiomnist X_wave=(6000, 8000) y=(6000,)
[MODEL] loading ckpt: /mnt/left/home/2025/tony/hsinyuan/AIM_audio/experiment_utils/checkpoints/audiomnist/res1dnet31/best_model.pth
[EXPL] loading: /mnt/left/home/2025/tony/hsinyuan/AIM_audio/expl_audiomnist/res1dnet31/gradient_abs.npy
[EXPL] saliency: (6000, 8000)
[PGD] Loading cached PGD from /mnt/left/home/2025/tony/hsinyuan/AIM_audio/morf_lerf_interval/_cache/audiomnist/res1dnet31/pgd/nofold/pgd_eps0.045_steps20.npy
[MORF-INTERVAL] step 00/20 | masked=  0.0% | L=    0/8000 | acc=0.9807
[MORF-INTERVAL] step 01/20 | masked=  5.0% | L=  400/8000 | acc=0.9267
[MORF-INTERVAL] step 02/20 | masked= 10.0% | L=  800/8000 | acc=0.8538
[MORF-INTERVAL] step 03/20 | masked= 15.0% | L= 1200/8000 | acc=0.7940
[MORF-INTERVAL] step 04/20 | masked= 20.0% | L= 1600/8000 | acc=0.7420
[MORF-INTERVAL] step 05/20 | masked= 25.0% | L= 2000/8000 | acc=0.6935
[MORF-INTERVAL] step 06/20 | masked= 30.0% | L= 2400/8000 | acc=0.6337
[MORF-INTERVAL] step 07/20 | masked= 35.0% | L= 2800/8000 | acc=0.5610
[MORF-INTERVAL] step 08/20 | masked= 40.0% | L= 3200/8000 | acc=0.4752
[MORF-INTERVAL] step 09/20 | masked= 45.0% | L= 3600/8000 | acc=0.4032
[MORF-INTERVAL] step 10/20 | masked= 50.0% | L= 4000/8000 | acc=0.3588
[MORF-INTERVAL] step 11/20 | masked= 55.0% | L= 4400/8000 | acc=0.3188
[MORF-INTERVAL] step 12/20 | masked= 60.0% | L= 4800/8000 | acc=0.2937
[MORF-INTERVAL] step 13/20 | masked= 65.0% | L= 5200/8000 | acc=0.2728
[MORF-INTERVAL] step 14/20 | masked= 70.0% | L= 5600/8000 | acc=0.2615
[MORF-INTERVAL] step 15/20 | masked= 75.0% | L= 6000/8000 | acc=0.2523
[MORF-INTERVAL] step 16/20 | masked= 80.0% | L= 6400/8000 | acc=0.2468
[MORF-INTERVAL] step 17/20 | masked= 85.0% | L= 6800/8000 | acc=0.2420
[MORF-INTERVAL] step 18/20 | masked= 90.0% | L= 7200/8000 | acc=0.2373
[MORF-INTERVAL] step 19/20 | masked= 95.0% | L= 7600/8000 | acc=0.2333
[MORF-INTERVAL] step 20/20 | masked=100.0% | L= 8000/8000 | acc=0.2288
[LERF-INTERVAL] step 00/20 | masked=  0.0% | L=    0/8000 | acc=0.9807
[LERF-INTERVAL] step 01/20 | masked=  5.0% | L=  400/8000 | acc=0.9793
[LERF-INTERVAL] step 02/20 | masked= 10.0% | L=  800/8000 | acc=0.9767
[LERF-INTERVAL] step 03/20 | masked= 15.0% | L= 1200/8000 | acc=0.9733
[LERF-INTERVAL] step 04/20 | masked= 20.0% | L= 1600/8000 | acc=0.9712
[LERF-INTERVAL] step 05/20 | masked= 25.0% | L= 2000/8000 | acc=0.9665
[LERF-INTERVAL] step 06/20 | masked= 30.0% | L= 2400/8000 | acc=0.9610
[LERF-INTERVAL] step 07/20 | masked= 35.0% | L= 2800/8000 | acc=0.9408
[LERF-INTERVAL] step 08/20 | masked= 40.0% | L= 3200/8000 | acc=0.9048
[LERF-INTERVAL] step 09/20 | masked= 45.0% | L= 3600/8000 | acc=0.8478
[LERF-INTERVAL] step 10/20 | masked= 50.0% | L= 4000/8000 | acc=0.7947
[LERF-INTERVAL] step 11/20 | masked= 55.0% | L= 4400/8000 | acc=0.7290
[LERF-INTERVAL] step 12/20 | masked= 60.0% | L= 4800/8000 | acc=0.6677
[LERF-INTERVAL] step 13/20 | masked= 65.0% | L= 5200/8000 | acc=0.5942
[LERF-INTERVAL] step 14/20 | masked= 70.0% | L= 5600/8000 | acc=0.5048
[LERF-INTERVAL] step 15/20 | masked= 75.0% | L= 6000/8000 | acc=0.4203
[LERF-INTERVAL] step 16/20 | masked= 80.0% | L= 6400/8000 | acc=0.3462
[LERF-INTERVAL] step 17/20 | masked= 85.0% | L= 6800/8000 | acc=0.2882
[LERF-INTERVAL] step 18/20 | masked= 90.0% | L= 7200/8000 | acc=0.2532
[LERF-INTERVAL] step 19/20 | masked= 95.0% | L= 7600/8000 | acc=0.2372
[LERF-INTERVAL] step 20/20 | masked=100.0% | L= 8000/8000 | acc=0.2288
Saved to: /mnt/left/home/2025/tony/hsinyuan/AIM_audio/morf_lerf_interval/audiomnist/res1dnet31/pgd
