[PGD] Using default eps for (res1dnet31 x audiomnist) = 0.045
[DATA] dataset=audiomnist X_wave=(6000, 8000) y=(6000,)
[MODEL] loading ckpt: /mnt/left/home/2025/tony/hsinyuan/AIM_audio/experiment_utils/checkpoints/audiomnist/res1dnet31/best_model.pth
[EXPL] loading: /mnt/left/home/2025/tony/hsinyuan/AIM_audio/expl_audiomnist/res1dnet31/integrad_abs.npy
[EXPL] saliency: (6000, 8000)
[PGD] Loading cached PGD from /mnt/left/home/2025/tony/hsinyuan/AIM_audio/morf_lerf_interval/_cache/audiomnist/res1dnet31/pgd/nofold/pgd_eps0.045_steps20.npy
[MORF-INTERVAL] step 00/20 | masked=  0.0% | L=    0/8000 | acc=0.9807
[MORF-INTERVAL] step 01/20 | masked=  5.0% | L=  400/8000 | acc=0.9540
[MORF-INTERVAL] step 02/20 | masked= 10.0% | L=  800/8000 | acc=0.9257
[MORF-INTERVAL] step 03/20 | masked= 15.0% | L= 1200/8000 | acc=0.9003
[MORF-INTERVAL] step 04/20 | masked= 20.0% | L= 1600/8000 | acc=0.8690
[MORF-INTERVAL] step 05/20 | masked= 25.0% | L= 2000/8000 | acc=0.8142
[MORF-INTERVAL] step 06/20 | masked= 30.0% | L= 2400/8000 | acc=0.7220
[MORF-INTERVAL] step 07/20 | masked= 35.0% | L= 2800/8000 | acc=0.6122
[MORF-INTERVAL] step 08/20 | masked= 40.0% | L= 3200/8000 | acc=0.4992
[MORF-INTERVAL] step 09/20 | masked= 45.0% | L= 3600/8000 | acc=0.4128
[MORF-INTERVAL] step 10/20 | masked= 50.0% | L= 4000/8000 | acc=0.3588
[MORF-INTERVAL] step 11/20 | masked= 55.0% | L= 4400/8000 | acc=0.3173
[MORF-INTERVAL] step 12/20 | masked= 60.0% | L= 4800/8000 | acc=0.2912
[MORF-INTERVAL] step 13/20 | masked= 65.0% | L= 5200/8000 | acc=0.2705
[MORF-INTERVAL] step 14/20 | masked= 70.0% | L= 5600/8000 | acc=0.2587
[MORF-INTERVAL] step 15/20 | masked= 75.0% | L= 6000/8000 | acc=0.2520
[MORF-INTERVAL] step 16/20 | masked= 80.0% | L= 6400/8000 | acc=0.2457
[MORF-INTERVAL] step 17/20 | masked= 85.0% | L= 6800/8000 | acc=0.2407
[MORF-INTERVAL] step 18/20 | masked= 90.0% | L= 7200/8000 | acc=0.2368
[MORF-INTERVAL] step 19/20 | masked= 95.0% | L= 7600/8000 | acc=0.2332
[MORF-INTERVAL] step 20/20 | masked=100.0% | L= 8000/8000 | acc=0.2288
[LERF-INTERVAL] step 00/20 | masked=  0.0% | L=    0/8000 | acc=0.9807
[LERF-INTERVAL] step 01/20 | masked=  5.0% | L=  400/8000 | acc=0.9785
[LERF-INTERVAL] step 02/20 | masked= 10.0% | L=  800/8000 | acc=0.9768
[LERF-INTERVAL] step 03/20 | masked= 15.0% | L= 1200/8000 | acc=0.9742
[LERF-INTERVAL] step 04/20 | masked= 20.0% | L= 1600/8000 | acc=0.9710
[LERF-INTERVAL] step 05/20 | masked= 25.0% | L= 2000/8000 | acc=0.9672
[LERF-INTERVAL] step 06/20 | masked= 30.0% | L= 2400/8000 | acc=0.9598
[LERF-INTERVAL] step 07/20 | masked= 35.0% | L= 2800/8000 | acc=0.9410
[LERF-INTERVAL] step 08/20 | masked= 40.0% | L= 3200/8000 | acc=0.8973
[LERF-INTERVAL] step 09/20 | masked= 45.0% | L= 3600/8000 | acc=0.8482
[LERF-INTERVAL] step 10/20 | masked= 50.0% | L= 4000/8000 | acc=0.7888
[LERF-INTERVAL] step 11/20 | masked= 55.0% | L= 4400/8000 | acc=0.7210
[LERF-INTERVAL] step 12/20 | masked= 60.0% | L= 4800/8000 | acc=0.6657
[LERF-INTERVAL] step 13/20 | masked= 65.0% | L= 5200/8000 | acc=0.5970
[LERF-INTERVAL] step 14/20 | masked= 70.0% | L= 5600/8000 | acc=0.5072
[LERF-INTERVAL] step 15/20 | masked= 75.0% | L= 6000/8000 | acc=0.4235
[LERF-INTERVAL] step 16/20 | masked= 80.0% | L= 6400/8000 | acc=0.3475
[LERF-INTERVAL] step 17/20 | masked= 85.0% | L= 6800/8000 | acc=0.2888
[LERF-INTERVAL] step 18/20 | masked= 90.0% | L= 7200/8000 | acc=0.2518
[LERF-INTERVAL] step 19/20 | masked= 95.0% | L= 7600/8000 | acc=0.2358
[LERF-INTERVAL] step 20/20 | masked=100.0% | L= 8000/8000 | acc=0.2288
Saved to: /mnt/left/home/2025/tony/hsinyuan/AIM_audio/morf_lerf_interval/audiomnist/res1dnet31/pgd
