[DATA] dataset=audiomnist X_wave=(6000, 8000) y=(6000,)
[MODEL] loading ckpt: /mnt/left/home/2025/tony/hsinyuan/AIM_audio/experiment_utils/checkpoints/audiomnist/res1dnet31/best_model.pth
[EXPL] loading: /mnt/left/home/2025/tony/hsinyuan/AIM_audio/expl_audiomnist/res1dnet31/smoothgrad_sq.npy
[EXPL] saliency: (6000, 8000)
[MORF-INTERVAL] step 00/20 | masked=  0.0% | L=    0/8000 | acc=0.9807
[MORF-INTERVAL] step 01/20 | masked=  5.0% | L=  400/8000 | acc=0.9358
[MORF-INTERVAL] step 02/20 | masked= 10.0% | L=  800/8000 | acc=0.8855
[MORF-INTERVAL] step 03/20 | masked= 15.0% | L= 1200/8000 | acc=0.8498
[MORF-INTERVAL] step 04/20 | masked= 20.0% | L= 1600/8000 | acc=0.8038
[MORF-INTERVAL] step 05/20 | masked= 25.0% | L= 2000/8000 | acc=0.7375
[MORF-INTERVAL] step 06/20 | masked= 30.0% | L= 2400/8000 | acc=0.6228
[MORF-INTERVAL] step 07/20 | masked= 35.0% | L= 2800/8000 | acc=0.4695
[MORF-INTERVAL] step 08/20 | masked= 40.0% | L= 3200/8000 | acc=0.3287
[MORF-INTERVAL] step 09/20 | masked= 45.0% | L= 3600/8000 | acc=0.2342
[MORF-INTERVAL] step 10/20 | masked= 50.0% | L= 4000/8000 | acc=0.1800
[MORF-INTERVAL] step 11/20 | masked= 55.0% | L= 4400/8000 | acc=0.1502
[MORF-INTERVAL] step 12/20 | masked= 60.0% | L= 4800/8000 | acc=0.1395
[MORF-INTERVAL] step 13/20 | masked= 65.0% | L= 5200/8000 | acc=0.1352
[MORF-INTERVAL] step 14/20 | masked= 70.0% | L= 5600/8000 | acc=0.1340
[MORF-INTERVAL] step 15/20 | masked= 75.0% | L= 6000/8000 | acc=0.1295
[MORF-INTERVAL] step 16/20 | masked= 80.0% | L= 6400/8000 | acc=0.1315
[MORF-INTERVAL] step 17/20 | masked= 85.0% | L= 6800/8000 | acc=0.1362
[MORF-INTERVAL] step 18/20 | masked= 90.0% | L= 7200/8000 | acc=0.1387
[MORF-INTERVAL] step 19/20 | masked= 95.0% | L= 7600/8000 | acc=0.1432
[MORF-INTERVAL] step 20/20 | masked=100.0% | L= 8000/8000 | acc=0.1445
[LERF-INTERVAL] step 00/20 | masked=  0.0% | L=    0/8000 | acc=0.9807
[LERF-INTERVAL] step 01/20 | masked=  5.0% | L=  400/8000 | acc=0.9780
[LERF-INTERVAL] step 02/20 | masked= 10.0% | L=  800/8000 | acc=0.9765
[LERF-INTERVAL] step 03/20 | masked= 15.0% | L= 1200/8000 | acc=0.9550
[LERF-INTERVAL] step 04/20 | masked= 20.0% | L= 1600/8000 | acc=0.9358
[LERF-INTERVAL] step 05/20 | masked= 25.0% | L= 2000/8000 | acc=0.9402
[LERF-INTERVAL] step 06/20 | masked= 30.0% | L= 2400/8000 | acc=0.9147
[LERF-INTERVAL] step 07/20 | masked= 35.0% | L= 2800/8000 | acc=0.8692
[LERF-INTERVAL] step 08/20 | masked= 40.0% | L= 3200/8000 | acc=0.8242
[LERF-INTERVAL] step 09/20 | masked= 45.0% | L= 3600/8000 | acc=0.7857
[LERF-INTERVAL] step 10/20 | masked= 50.0% | L= 4000/8000 | acc=0.7358
[LERF-INTERVAL] step 11/20 | masked= 55.0% | L= 4400/8000 | acc=0.6617
[LERF-INTERVAL] step 12/20 | masked= 60.0% | L= 4800/8000 | acc=0.5928
[LERF-INTERVAL] step 13/20 | masked= 65.0% | L= 5200/8000 | acc=0.4855
[LERF-INTERVAL] step 14/20 | masked= 70.0% | L= 5600/8000 | acc=0.3697
[LERF-INTERVAL] step 15/20 | masked= 75.0% | L= 6000/8000 | acc=0.2697
[LERF-INTERVAL] step 16/20 | masked= 80.0% | L= 6400/8000 | acc=0.2002
[LERF-INTERVAL] step 17/20 | masked= 85.0% | L= 6800/8000 | acc=0.1632
[LERF-INTERVAL] step 18/20 | masked= 90.0% | L= 7200/8000 | acc=0.1430
[LERF-INTERVAL] step 19/20 | masked= 95.0% | L= 7600/8000 | acc=0.1448
[LERF-INTERVAL] step 20/20 | masked=100.0% | L= 8000/8000 | acc=0.1445
Saved to: /mnt/left/home/2025/tony/hsinyuan/AIM_audio/morf_lerf_interval/audiomnist/res1dnet31/road
