[PGD] Using default eps for (res1dnet31 x audiomnist) = 0.045
[DATA] dataset=audiomnist X_wave=(6000, 8000) y=(6000,)
[MODEL] loading ckpt: /mnt/left/home/2025/tony/hsinyuan/AIM_audio/experiment_utils/checkpoints/audiomnist/res1dnet31/best_model.pth
[EXPL] loading: /mnt/left/home/2025/tony/hsinyuan/AIM_audio/expl_audiomnist/res1dnet31/gradient.npy
[EXPL] saliency: (6000, 8000)
[PGD] Running PGD once on FULL waveform...
[PGD] Saved to /mnt/left/home/2025/tony/hsinyuan/AIM_audio/morf_lerf_interval/_cache/audiomnist/res1dnet31/pgd/nofold/pgd_eps0.045_steps20.npy
[MORF-INTERVAL] step 00/20 | masked=  0.0% | L=    0/8000 | acc=0.9807
[MORF-INTERVAL] step 01/20 | masked=  5.0% | L=  400/8000 | acc=0.9430
[MORF-INTERVAL] step 02/20 | masked= 10.0% | L=  800/8000 | acc=0.9222
[MORF-INTERVAL] step 03/20 | masked= 15.0% | L= 1200/8000 | acc=0.9065
[MORF-INTERVAL] step 04/20 | masked= 20.0% | L= 1600/8000 | acc=0.8813
[MORF-INTERVAL] step 05/20 | masked= 25.0% | L= 2000/8000 | acc=0.8508
[MORF-INTERVAL] step 06/20 | masked= 30.0% | L= 2400/8000 | acc=0.8113
[MORF-INTERVAL] step 07/20 | masked= 35.0% | L= 2800/8000 | acc=0.7607
[MORF-INTERVAL] step 08/20 | masked= 40.0% | L= 3200/8000 | acc=0.7073
[MORF-INTERVAL] step 09/20 | masked= 45.0% | L= 3600/8000 | acc=0.6498
[MORF-INTERVAL] step 10/20 | masked= 50.0% | L= 4000/8000 | acc=0.5978
[MORF-INTERVAL] step 11/20 | masked= 55.0% | L= 4400/8000 | acc=0.5380
[MORF-INTERVAL] step 12/20 | masked= 60.0% | L= 4800/8000 | acc=0.4882
[MORF-INTERVAL] step 13/20 | masked= 65.0% | L= 5200/8000 | acc=0.4378
[MORF-INTERVAL] step 14/20 | masked= 70.0% | L= 5600/8000 | acc=0.3865
[MORF-INTERVAL] step 15/20 | masked= 75.0% | L= 6000/8000 | acc=0.3413
[MORF-INTERVAL] step 16/20 | masked= 80.0% | L= 6400/8000 | acc=0.3003
[MORF-INTERVAL] step 17/20 | masked= 85.0% | L= 6800/8000 | acc=0.2708
[MORF-INTERVAL] step 18/20 | masked= 90.0% | L= 7200/8000 | acc=0.2490
[MORF-INTERVAL] step 19/20 | masked= 95.0% | L= 7600/8000 | acc=0.2362
[MORF-INTERVAL] step 20/20 | masked=100.0% | L= 8000/8000 | acc=0.2288
[LERF-INTERVAL] step 00/20 | masked=  0.0% | L=    0/8000 | acc=0.9807
[LERF-INTERVAL] step 01/20 | masked=  5.0% | L=  400/8000 | acc=0.9490
[LERF-INTERVAL] step 02/20 | masked= 10.0% | L=  800/8000 | acc=0.9183
[LERF-INTERVAL] step 03/20 | masked= 15.0% | L= 1200/8000 | acc=0.8947
[LERF-INTERVAL] step 04/20 | masked= 20.0% | L= 1600/8000 | acc=0.8705
[LERF-INTERVAL] step 05/20 | masked= 25.0% | L= 2000/8000 | acc=0.8382
[LERF-INTERVAL] step 06/20 | masked= 30.0% | L= 2400/8000 | acc=0.7878
[LERF-INTERVAL] step 07/20 | masked= 35.0% | L= 2800/8000 | acc=0.7190
[LERF-INTERVAL] step 08/20 | masked= 40.0% | L= 3200/8000 | acc=0.6487
[LERF-INTERVAL] step 09/20 | masked= 45.0% | L= 3600/8000 | acc=0.5908
[LERF-INTERVAL] step 10/20 | masked= 50.0% | L= 4000/8000 | acc=0.5347
[LERF-INTERVAL] step 11/20 | masked= 55.0% | L= 4400/8000 | acc=0.4832
[LERF-INTERVAL] step 12/20 | masked= 60.0% | L= 4800/8000 | acc=0.4492
[LERF-INTERVAL] step 13/20 | masked= 65.0% | L= 5200/8000 | acc=0.4112
[LERF-INTERVAL] step 14/20 | masked= 70.0% | L= 5600/8000 | acc=0.3692
[LERF-INTERVAL] step 15/20 | masked= 75.0% | L= 6000/8000 | acc=0.3248
[LERF-INTERVAL] step 16/20 | masked= 80.0% | L= 6400/8000 | acc=0.2845
[LERF-INTERVAL] step 17/20 | masked= 85.0% | L= 6800/8000 | acc=0.2598
[LERF-INTERVAL] step 18/20 | masked= 90.0% | L= 7200/8000 | acc=0.2438
[LERF-INTERVAL] step 19/20 | masked= 95.0% | L= 7600/8000 | acc=0.2348
[LERF-INTERVAL] step 20/20 | masked=100.0% | L= 8000/8000 | acc=0.2288
Saved to: /mnt/left/home/2025/tony/hsinyuan/AIM_audio/morf_lerf_interval/audiomnist/res1dnet31/pgd
