[DATA] dataset=audiomnist X_wave=(6000, 8000) y=(6000,)
[MODEL] loading ckpt: /mnt/left/home/2025/tony/hsinyuan/AIM_audio/experiment_utils/checkpoints/audiomnist/res1dnet31/best_model.pth
[EXPL] loading: /mnt/left/home/2025/tony/hsinyuan/AIM_audio/expl_audiomnist/res1dnet31/smoothgrad.npy
[EXPL] saliency: (6000, 8000)
[MORF-INTERVAL] step 00/20 | masked=  0.0% | L=    0/8000 | acc=0.9807
[MORF-INTERVAL] step 01/20 | masked=  5.0% | L=  400/8000 | acc=0.9383
[MORF-INTERVAL] step 02/20 | masked= 10.0% | L=  800/8000 | acc=0.8790
[MORF-INTERVAL] step 03/20 | masked= 15.0% | L= 1200/8000 | acc=0.8242
[MORF-INTERVAL] step 04/20 | masked= 20.0% | L= 1600/8000 | acc=0.7160
[MORF-INTERVAL] step 05/20 | masked= 25.0% | L= 2000/8000 | acc=0.6182
[MORF-INTERVAL] step 06/20 | masked= 30.0% | L= 2400/8000 | acc=0.5493
[MORF-INTERVAL] step 07/20 | masked= 35.0% | L= 2800/8000 | acc=0.4903
[MORF-INTERVAL] step 08/20 | masked= 40.0% | L= 3200/8000 | acc=0.4207
[MORF-INTERVAL] step 09/20 | masked= 45.0% | L= 3600/8000 | acc=0.3705
[MORF-INTERVAL] step 10/20 | masked= 50.0% | L= 4000/8000 | acc=0.3205
[MORF-INTERVAL] step 11/20 | masked= 55.0% | L= 4400/8000 | acc=0.2703
[MORF-INTERVAL] step 12/20 | masked= 60.0% | L= 4800/8000 | acc=0.2390
[MORF-INTERVAL] step 13/20 | masked= 65.0% | L= 5200/8000 | acc=0.2065
[MORF-INTERVAL] step 14/20 | masked= 70.0% | L= 5600/8000 | acc=0.1792
[MORF-INTERVAL] step 15/20 | masked= 75.0% | L= 6000/8000 | acc=0.1625
[MORF-INTERVAL] step 16/20 | masked= 80.0% | L= 6400/8000 | acc=0.1458
[MORF-INTERVAL] step 17/20 | masked= 85.0% | L= 6800/8000 | acc=0.1398
[MORF-INTERVAL] step 18/20 | masked= 90.0% | L= 7200/8000 | acc=0.1355
[MORF-INTERVAL] step 19/20 | masked= 95.0% | L= 7600/8000 | acc=0.1378
[MORF-INTERVAL] step 20/20 | masked=100.0% | L= 8000/8000 | acc=0.1445
[LERF-INTERVAL] step 00/20 | masked=  0.0% | L=    0/8000 | acc=0.9807
[LERF-INTERVAL] step 01/20 | masked=  5.0% | L=  400/8000 | acc=0.9603
[LERF-INTERVAL] step 02/20 | masked= 10.0% | L=  800/8000 | acc=0.9273
[LERF-INTERVAL] step 03/20 | masked= 15.0% | L= 1200/8000 | acc=0.8905
[LERF-INTERVAL] step 04/20 | masked= 20.0% | L= 1600/8000 | acc=0.8575
[LERF-INTERVAL] step 05/20 | masked= 25.0% | L= 2000/8000 | acc=0.7792
[LERF-INTERVAL] step 06/20 | masked= 30.0% | L= 2400/8000 | acc=0.6915
[LERF-INTERVAL] step 07/20 | masked= 35.0% | L= 2800/8000 | acc=0.6045
[LERF-INTERVAL] step 08/20 | masked= 40.0% | L= 3200/8000 | acc=0.5228
[LERF-INTERVAL] step 09/20 | masked= 45.0% | L= 3600/8000 | acc=0.4528
[LERF-INTERVAL] step 10/20 | masked= 50.0% | L= 4000/8000 | acc=0.3905
[LERF-INTERVAL] step 11/20 | masked= 55.0% | L= 4400/8000 | acc=0.3238
[LERF-INTERVAL] step 12/20 | masked= 60.0% | L= 4800/8000 | acc=0.2743
[LERF-INTERVAL] step 13/20 | masked= 65.0% | L= 5200/8000 | acc=0.2267
[LERF-INTERVAL] step 14/20 | masked= 70.0% | L= 5600/8000 | acc=0.1897
[LERF-INTERVAL] step 15/20 | masked= 75.0% | L= 6000/8000 | acc=0.1630
[LERF-INTERVAL] step 16/20 | masked= 80.0% | L= 6400/8000 | acc=0.1452
[LERF-INTERVAL] step 17/20 | masked= 85.0% | L= 6800/8000 | acc=0.1417
[LERF-INTERVAL] step 18/20 | masked= 90.0% | L= 7200/8000 | acc=0.1430
[LERF-INTERVAL] step 19/20 | masked= 95.0% | L= 7600/8000 | acc=0.1480
[LERF-INTERVAL] step 20/20 | masked=100.0% | L= 8000/8000 | acc=0.1445
Saved to: /mnt/left/home/2025/tony/hsinyuan/AIM_audio/morf_lerf_interval/audiomnist/res1dnet31/road
