[PGD] Using default eps for (res1dnet31 x audiomnist) = 0.045
[DATA] dataset=audiomnist X_wave=(6000, 8000) y=(6000,)
[MODEL] loading ckpt: /mnt/left/home/2025/tony/hsinyuan/AIM_audio/experiment_utils/checkpoints/audiomnist/res1dnet31/best_model.pth
[EXPL] loading: /mnt/left/home/2025/tony/hsinyuan/AIM_audio/expl_audiomnist/res1dnet31/smoothgrad_sq.npy
[EXPL] saliency: (6000, 8000)
[PGD] Loading cached PGD from /mnt/left/home/2025/tony/hsinyuan/AIM_audio/morf_lerf_interval/_cache/audiomnist/res1dnet31/pgd/nofold/pgd_eps0.045_steps20.npy
[MORF-INTERVAL] step 00/20 | masked=  0.0% | L=    0/8000 | acc=0.9807
[MORF-INTERVAL] step 01/20 | masked=  5.0% | L=  400/8000 | acc=0.9270
[MORF-INTERVAL] step 02/20 | masked= 10.0% | L=  800/8000 | acc=0.8568
[MORF-INTERVAL] step 03/20 | masked= 15.0% | L= 1200/8000 | acc=0.7995
[MORF-INTERVAL] step 04/20 | masked= 20.0% | L= 1600/8000 | acc=0.7532
[MORF-INTERVAL] step 05/20 | masked= 25.0% | L= 2000/8000 | acc=0.7060
[MORF-INTERVAL] step 06/20 | masked= 30.0% | L= 2400/8000 | acc=0.6550
[MORF-INTERVAL] step 07/20 | masked= 35.0% | L= 2800/8000 | acc=0.5835
[MORF-INTERVAL] step 08/20 | masked= 40.0% | L= 3200/8000 | acc=0.4842
[MORF-INTERVAL] step 09/20 | masked= 45.0% | L= 3600/8000 | acc=0.4167
[MORF-INTERVAL] step 10/20 | masked= 50.0% | L= 4000/8000 | acc=0.3643
[MORF-INTERVAL] step 11/20 | masked= 55.0% | L= 4400/8000 | acc=0.3260
[MORF-INTERVAL] step 12/20 | masked= 60.0% | L= 4800/8000 | acc=0.2997
[MORF-INTERVAL] step 13/20 | masked= 65.0% | L= 5200/8000 | acc=0.2793
[MORF-INTERVAL] step 14/20 | masked= 70.0% | L= 5600/8000 | acc=0.2663
[MORF-INTERVAL] step 15/20 | masked= 75.0% | L= 6000/8000 | acc=0.2573
[MORF-INTERVAL] step 16/20 | masked= 80.0% | L= 6400/8000 | acc=0.2498
[MORF-INTERVAL] step 17/20 | masked= 85.0% | L= 6800/8000 | acc=0.2427
[MORF-INTERVAL] step 18/20 | masked= 90.0% | L= 7200/8000 | acc=0.2380
[MORF-INTERVAL] step 19/20 | masked= 95.0% | L= 7600/8000 | acc=0.2343
[MORF-INTERVAL] step 20/20 | masked=100.0% | L= 8000/8000 | acc=0.2288
[LERF-INTERVAL] step 00/20 | masked=  0.0% | L=    0/8000 | acc=0.9807
[LERF-INTERVAL] step 01/20 | masked=  5.0% | L=  400/8000 | acc=0.9787
[LERF-INTERVAL] step 02/20 | masked= 10.0% | L=  800/8000 | acc=0.9758
[LERF-INTERVAL] step 03/20 | masked= 15.0% | L= 1200/8000 | acc=0.9720
[LERF-INTERVAL] step 04/20 | masked= 20.0% | L= 1600/8000 | acc=0.9685
[LERF-INTERVAL] step 05/20 | masked= 25.0% | L= 2000/8000 | acc=0.9625
[LERF-INTERVAL] step 06/20 | masked= 30.0% | L= 2400/8000 | acc=0.9520
[LERF-INTERVAL] step 07/20 | masked= 35.0% | L= 2800/8000 | acc=0.9277
[LERF-INTERVAL] step 08/20 | masked= 40.0% | L= 3200/8000 | acc=0.8827
[LERF-INTERVAL] step 09/20 | masked= 45.0% | L= 3600/8000 | acc=0.8265
[LERF-INTERVAL] step 10/20 | masked= 50.0% | L= 4000/8000 | acc=0.7745
[LERF-INTERVAL] step 11/20 | masked= 55.0% | L= 4400/8000 | acc=0.7097
[LERF-INTERVAL] step 12/20 | masked= 60.0% | L= 4800/8000 | acc=0.6495
[LERF-INTERVAL] step 13/20 | masked= 65.0% | L= 5200/8000 | acc=0.5802
[LERF-INTERVAL] step 14/20 | masked= 70.0% | L= 5600/8000 | acc=0.4955
[LERF-INTERVAL] step 15/20 | masked= 75.0% | L= 6000/8000 | acc=0.4140
[LERF-INTERVAL] step 16/20 | masked= 80.0% | L= 6400/8000 | acc=0.3418
[LERF-INTERVAL] step 17/20 | masked= 85.0% | L= 6800/8000 | acc=0.2863
[LERF-INTERVAL] step 18/20 | masked= 90.0% | L= 7200/8000 | acc=0.2522
[LERF-INTERVAL] step 19/20 | masked= 95.0% | L= 7600/8000 | acc=0.2362
[LERF-INTERVAL] step 20/20 | masked=100.0% | L= 8000/8000 | acc=0.2288
Saved to: /mnt/left/home/2025/tony/hsinyuan/AIM_audio/morf_lerf_interval/audiomnist/res1dnet31/pgd
