[DATA] dataset=esc50 X_wave=(400, 160000) y=(400,)
[MODEL] loading ckpt: /mnt/left/home/2025/tony/hsinyuan/AIM_audio/experiment_utils/checkpoints/esc50/res1dnet31/fold_1/best_model.pth
[EXPL] loading: /mnt/left/home/2025/tony/hsinyuan/AIM_audio/expl_esc50/res1dnet31/fold_1/gradient_abs.npy
[EXPL] saliency: (400, 160000)
[MORF-INTERVAL] step 00/20 | masked=  0.0% | L=    0/160000 | acc=0.8325
[MORF-INTERVAL] step 01/20 | masked=  5.0% | L= 8000/160000 | acc=0.8075
[MORF-INTERVAL] step 02/20 | masked= 10.0% | L=16000/160000 | acc=0.7800
[MORF-INTERVAL] step 03/20 | masked= 15.0% | L=24000/160000 | acc=0.7625
[MORF-INTERVAL] step 04/20 | masked= 20.0% | L=32000/160000 | acc=0.7350
[MORF-INTERVAL] step 05/20 | masked= 25.0% | L=40000/160000 | acc=0.7075
[MORF-INTERVAL] step 06/20 | masked= 30.0% | L=48000/160000 | acc=0.7025
[MORF-INTERVAL] step 07/20 | masked= 35.0% | L=56000/160000 | acc=0.6675
[MORF-INTERVAL] step 08/20 | masked= 40.0% | L=64000/160000 | acc=0.5950
[MORF-INTERVAL] step 09/20 | masked= 45.0% | L=72000/160000 | acc=0.5700
[MORF-INTERVAL] step 10/20 | masked= 50.0% | L=80000/160000 | acc=0.5300
[MORF-INTERVAL] step 11/20 | masked= 55.0% | L=88000/160000 | acc=0.4875
[MORF-INTERVAL] step 12/20 | masked= 60.0% | L=96000/160000 | acc=0.4400
[MORF-INTERVAL] step 13/20 | masked= 65.0% | L=104000/160000 | acc=0.3825
[MORF-INTERVAL] step 14/20 | masked= 70.0% | L=112000/160000 | acc=0.3050
[MORF-INTERVAL] step 15/20 | masked= 75.0% | L=120000/160000 | acc=0.2750
[MORF-INTERVAL] step 16/20 | masked= 80.0% | L=128000/160000 | acc=0.1975
[MORF-INTERVAL] step 17/20 | masked= 85.0% | L=136000/160000 | acc=0.1000
[MORF-INTERVAL] step 18/20 | masked= 90.0% | L=144000/160000 | acc=0.0575
[MORF-INTERVAL] step 19/20 | masked= 95.0% | L=152000/160000 | acc=0.0375
[MORF-INTERVAL] step 20/20 | masked=100.0% | L=160000/160000 | acc=0.0200
[LERF-INTERVAL] step 00/20 | masked=  0.0% | L=    0/160000 | acc=0.8325
[LERF-INTERVAL] step 01/20 | masked=  5.0% | L= 8000/160000 | acc=0.8075
[LERF-INTERVAL] step 02/20 | masked= 10.0% | L=16000/160000 | acc=0.8050
[LERF-INTERVAL] step 03/20 | masked= 15.0% | L=24000/160000 | acc=0.7850
[LERF-INTERVAL] step 04/20 | masked= 20.0% | L=32000/160000 | acc=0.7850
[LERF-INTERVAL] step 05/20 | masked= 25.0% | L=40000/160000 | acc=0.7650
[LERF-INTERVAL] step 06/20 | masked= 30.0% | L=48000/160000 | acc=0.7550
[LERF-INTERVAL] step 07/20 | masked= 35.0% | L=56000/160000 | acc=0.7425
[LERF-INTERVAL] step 08/20 | masked= 40.0% | L=64000/160000 | acc=0.7300
[LERF-INTERVAL] step 09/20 | masked= 45.0% | L=72000/160000 | acc=0.6800
[LERF-INTERVAL] step 10/20 | masked= 50.0% | L=80000/160000 | acc=0.6550
[LERF-INTERVAL] step 11/20 | masked= 55.0% | L=88000/160000 | acc=0.6425
[LERF-INTERVAL] step 12/20 | masked= 60.0% | L=96000/160000 | acc=0.6150
[LERF-INTERVAL] step 13/20 | masked= 65.0% | L=104000/160000 | acc=0.5950
[LERF-INTERVAL] step 14/20 | masked= 70.0% | L=112000/160000 | acc=0.5425
[LERF-INTERVAL] step 15/20 | masked= 75.0% | L=120000/160000 | acc=0.4900
[LERF-INTERVAL] step 16/20 | masked= 80.0% | L=128000/160000 | acc=0.4275
[LERF-INTERVAL] step 17/20 | masked= 85.0% | L=136000/160000 | acc=0.3125
[LERF-INTERVAL] step 18/20 | masked= 90.0% | L=144000/160000 | acc=0.2125
[LERF-INTERVAL] step 19/20 | masked= 95.0% | L=152000/160000 | acc=0.0800
[LERF-INTERVAL] step 20/20 | masked=100.0% | L=160000/160000 | acc=0.0200
Saved to: /mnt/left/home/2025/tony/hsinyuan/AIM_audio/morf_lerf_interval/esc50/res1dnet31/zero/fold_1
