[DATA] dataset=msos X_wave=(500, 160000) y=(500,)
[MODEL] loading ckpt: /mnt/left/home/2025/tony/hsinyuan/AIM_audio/experiment_utils/checkpoints/msos/res1dnet31/best_model.pth
[EXPL] loading: /mnt/left/home/2025/tony/hsinyuan/AIM_audio/expl_msos/res1dnet31/gradinput_abs.npy
[EXPL] saliency: (500, 160000)
[MORF-INTERVAL] step 00/20 | masked=  0.0% | L=    0/160000 | acc=0.9180
[MORF-INTERVAL] step 01/20 | masked=  5.0% | L= 8000/160000 | acc=0.8440
[MORF-INTERVAL] step 02/20 | masked= 10.0% | L=16000/160000 | acc=0.8040
[MORF-INTERVAL] step 03/20 | masked= 15.0% | L=24000/160000 | acc=0.7840
[MORF-INTERVAL] step 04/20 | masked= 20.0% | L=32000/160000 | acc=0.7680
[MORF-INTERVAL] step 05/20 | masked= 25.0% | L=40000/160000 | acc=0.7500
[MORF-INTERVAL] step 06/20 | masked= 30.0% | L=48000/160000 | acc=0.7240
[MORF-INTERVAL] step 07/20 | masked= 35.0% | L=56000/160000 | acc=0.6940
[MORF-INTERVAL] step 08/20 | masked= 40.0% | L=64000/160000 | acc=0.6640
[MORF-INTERVAL] step 09/20 | masked= 45.0% | L=72000/160000 | acc=0.6200
[MORF-INTERVAL] step 10/20 | masked= 50.0% | L=80000/160000 | acc=0.5940
[MORF-INTERVAL] step 11/20 | masked= 55.0% | L=88000/160000 | acc=0.5480
[MORF-INTERVAL] step 12/20 | masked= 60.0% | L=96000/160000 | acc=0.5020
[MORF-INTERVAL] step 13/20 | masked= 65.0% | L=104000/160000 | acc=0.4720
[MORF-INTERVAL] step 14/20 | masked= 70.0% | L=112000/160000 | acc=0.4060
[MORF-INTERVAL] step 15/20 | masked= 75.0% | L=120000/160000 | acc=0.3400
[MORF-INTERVAL] step 16/20 | masked= 80.0% | L=128000/160000 | acc=0.2820
[MORF-INTERVAL] step 17/20 | masked= 85.0% | L=136000/160000 | acc=0.2200
[MORF-INTERVAL] step 18/20 | masked= 90.0% | L=144000/160000 | acc=0.2000
[MORF-INTERVAL] step 19/20 | masked= 95.0% | L=152000/160000 | acc=0.2000
[MORF-INTERVAL] step 20/20 | masked=100.0% | L=160000/160000 | acc=0.2000
[LERF-INTERVAL] step 00/20 | masked=  0.0% | L=    0/160000 | acc=0.9180
[LERF-INTERVAL] step 01/20 | masked=  5.0% | L= 8000/160000 | acc=0.9180
[LERF-INTERVAL] step 02/20 | masked= 10.0% | L=16000/160000 | acc=0.9140
[LERF-INTERVAL] step 03/20 | masked= 15.0% | L=24000/160000 | acc=0.9100
[LERF-INTERVAL] step 04/20 | masked= 20.0% | L=32000/160000 | acc=0.9020
[LERF-INTERVAL] step 05/20 | masked= 25.0% | L=40000/160000 | acc=0.9000
[LERF-INTERVAL] step 06/20 | masked= 30.0% | L=48000/160000 | acc=0.8900
[LERF-INTERVAL] step 07/20 | masked= 35.0% | L=56000/160000 | acc=0.8620
[LERF-INTERVAL] step 08/20 | masked= 40.0% | L=64000/160000 | acc=0.8600
[LERF-INTERVAL] step 09/20 | masked= 45.0% | L=72000/160000 | acc=0.8360
[LERF-INTERVAL] step 10/20 | masked= 50.0% | L=80000/160000 | acc=0.8220
[LERF-INTERVAL] step 11/20 | masked= 55.0% | L=88000/160000 | acc=0.7900
[LERF-INTERVAL] step 12/20 | masked= 60.0% | L=96000/160000 | acc=0.7620
[LERF-INTERVAL] step 13/20 | masked= 65.0% | L=104000/160000 | acc=0.6900
[LERF-INTERVAL] step 14/20 | masked= 70.0% | L=112000/160000 | acc=0.6360
[LERF-INTERVAL] step 15/20 | masked= 75.0% | L=120000/160000 | acc=0.5140
[LERF-INTERVAL] step 16/20 | masked= 80.0% | L=128000/160000 | acc=0.4940
[LERF-INTERVAL] step 17/20 | masked= 85.0% | L=136000/160000 | acc=0.4040
[LERF-INTERVAL] step 18/20 | masked= 90.0% | L=144000/160000 | acc=0.2840
[LERF-INTERVAL] step 19/20 | masked= 95.0% | L=152000/160000 | acc=0.2120
[LERF-INTERVAL] step 20/20 | masked=100.0% | L=160000/160000 | acc=0.2000
Saved to: /mnt/left/home/2025/tony/hsinyuan/AIM_audio/morf_lerf_interval/msos/res1dnet31/zero
