[DATA] dataset=msos X_wave=(500, 160000) y=(500,)
[MODEL] loading ckpt: /mnt/left/home/2025/tony/hsinyuan/AIM_audio/experiment_utils/checkpoints/msos/res1dnet31/best_model.pth
[EXPL] loading: /mnt/left/home/2025/tony/hsinyuan/AIM_audio/expl_msos/res1dnet31/smoothgrad_abs.npy
[EXPL] saliency: (500, 160000)
[MORF-INTERVAL] step 00/20 | masked=  0.0% | L=    0/160000 | acc=0.9180
[MORF-INTERVAL] step 01/20 | masked=  5.0% | L= 8000/160000 | acc=0.8740
[MORF-INTERVAL] step 02/20 | masked= 10.0% | L=16000/160000 | acc=0.8180
[MORF-INTERVAL] step 03/20 | masked= 15.0% | L=24000/160000 | acc=0.8340
[MORF-INTERVAL] step 04/20 | masked= 20.0% | L=32000/160000 | acc=0.7980
[MORF-INTERVAL] step 05/20 | masked= 25.0% | L=40000/160000 | acc=0.7760
[MORF-INTERVAL] step 06/20 | masked= 30.0% | L=48000/160000 | acc=0.7440
[MORF-INTERVAL] step 07/20 | masked= 35.0% | L=56000/160000 | acc=0.7080
[MORF-INTERVAL] step 08/20 | masked= 40.0% | L=64000/160000 | acc=0.6640
[MORF-INTERVAL] step 09/20 | masked= 45.0% | L=72000/160000 | acc=0.6340
[MORF-INTERVAL] step 10/20 | masked= 50.0% | L=80000/160000 | acc=0.5940
[MORF-INTERVAL] step 11/20 | masked= 55.0% | L=88000/160000 | acc=0.5600
[MORF-INTERVAL] step 12/20 | masked= 60.0% | L=96000/160000 | acc=0.5100
[MORF-INTERVAL] step 13/20 | masked= 65.0% | L=104000/160000 | acc=0.4620
[MORF-INTERVAL] step 14/20 | masked= 70.0% | L=112000/160000 | acc=0.4020
[MORF-INTERVAL] step 15/20 | masked= 75.0% | L=120000/160000 | acc=0.3480
[MORF-INTERVAL] step 16/20 | masked= 80.0% | L=128000/160000 | acc=0.2920
[MORF-INTERVAL] step 17/20 | masked= 85.0% | L=136000/160000 | acc=0.2340
[MORF-INTERVAL] step 18/20 | masked= 90.0% | L=144000/160000 | acc=0.2060
[MORF-INTERVAL] step 19/20 | masked= 95.0% | L=152000/160000 | acc=0.2000
[MORF-INTERVAL] step 20/20 | masked=100.0% | L=160000/160000 | acc=0.2000
[LERF-INTERVAL] step 00/20 | masked=  0.0% | L=    0/160000 | acc=0.9180
[LERF-INTERVAL] step 01/20 | masked=  5.0% | L= 8000/160000 | acc=0.9240
[LERF-INTERVAL] step 02/20 | masked= 10.0% | L=16000/160000 | acc=0.9000
[LERF-INTERVAL] step 03/20 | masked= 15.0% | L=24000/160000 | acc=0.8800
[LERF-INTERVAL] step 04/20 | masked= 20.0% | L=32000/160000 | acc=0.8580
[LERF-INTERVAL] step 05/20 | masked= 25.0% | L=40000/160000 | acc=0.8480
[LERF-INTERVAL] step 06/20 | masked= 30.0% | L=48000/160000 | acc=0.8080
[LERF-INTERVAL] step 07/20 | masked= 35.0% | L=56000/160000 | acc=0.7680
[LERF-INTERVAL] step 08/20 | masked= 40.0% | L=64000/160000 | acc=0.7360
[LERF-INTERVAL] step 09/20 | masked= 45.0% | L=72000/160000 | acc=0.6880
[LERF-INTERVAL] step 10/20 | masked= 50.0% | L=80000/160000 | acc=0.6860
[LERF-INTERVAL] step 11/20 | masked= 55.0% | L=88000/160000 | acc=0.6120
[LERF-INTERVAL] step 12/20 | masked= 60.0% | L=96000/160000 | acc=0.5700
[LERF-INTERVAL] step 13/20 | masked= 65.0% | L=104000/160000 | acc=0.5420
[LERF-INTERVAL] step 14/20 | masked= 70.0% | L=112000/160000 | acc=0.4720
[LERF-INTERVAL] step 15/20 | masked= 75.0% | L=120000/160000 | acc=0.4260
[LERF-INTERVAL] step 16/20 | masked= 80.0% | L=128000/160000 | acc=0.3780
[LERF-INTERVAL] step 17/20 | masked= 85.0% | L=136000/160000 | acc=0.3340
[LERF-INTERVAL] step 18/20 | masked= 90.0% | L=144000/160000 | acc=0.2520
[LERF-INTERVAL] step 19/20 | masked= 95.0% | L=152000/160000 | acc=0.2060
[LERF-INTERVAL] step 20/20 | masked=100.0% | L=160000/160000 | acc=0.2000
Saved to: /mnt/left/home/2025/tony/hsinyuan/AIM_audio/morf_lerf_interval/msos/res1dnet31/road
