[DATA] dataset=audiomnist X_wave=(6000, 8000) y=(6000,)
[MODEL] loading ckpt: /mnt/left/home/2025/tony/hsinyuan/AIM_audio/experiment_utils/checkpoints/audiomnist/audionet/best_model.pth
[EXPL] loading: /mnt/left/home/2025/tony/hsinyuan/AIM_audio/expl_audiomnist/audionet/smoothgrad_abs.npy
[EXPL] saliency: (6000, 8000)
[ORDER] Loading cached orders from /mnt/left/home/2025/tony/hsinyuan/AIM_audio/morf_lerf/_cache/audiomnist/audionet/orders/smoothgrad_abs_desc.npy
[MORF-RANK] step 00/20 | masked=  0.0% | points=    0/8000 | acc=0.9568
[MORF-RANK] step 01/20 | masked=  5.0% | points=  400/8000 | acc=0.5635
[MORF-RANK] step 02/20 | masked= 10.0% | points=  800/8000 | acc=0.4032
[MORF-RANK] step 03/20 | masked= 15.0% | points= 1200/8000 | acc=0.3072
[MORF-RANK] step 04/20 | masked= 20.0% | points= 1600/8000 | acc=0.2612
[MORF-RANK] step 05/20 | masked= 25.0% | points= 2000/8000 | acc=0.2507
[MORF-RANK] step 06/20 | masked= 30.0% | points= 2400/8000 | acc=0.2473
[MORF-RANK] step 07/20 | masked= 35.0% | points= 2800/8000 | acc=0.2395
[MORF-RANK] step 08/20 | masked= 40.0% | points= 3200/8000 | acc=0.2337
[MORF-RANK] step 09/20 | masked= 45.0% | points= 3600/8000 | acc=0.2285
[MORF-RANK] step 10/20 | masked= 50.0% | points= 4000/8000 | acc=0.2262
[MORF-RANK] step 11/20 | masked= 55.0% | points= 4400/8000 | acc=0.2255
[MORF-RANK] step 12/20 | masked= 60.0% | points= 4800/8000 | acc=0.2260
[MORF-RANK] step 13/20 | masked= 65.0% | points= 5200/8000 | acc=0.2288
[MORF-RANK] step 14/20 | masked= 70.0% | points= 5600/8000 | acc=0.2298
[MORF-RANK] step 15/20 | masked= 75.0% | points= 6000/8000 | acc=0.2282
[MORF-RANK] step 16/20 | masked= 80.0% | points= 6400/8000 | acc=0.2255
[MORF-RANK] step 17/20 | masked= 85.0% | points= 6800/8000 | acc=0.2202
[MORF-RANK] step 18/20 | masked= 90.0% | points= 7200/8000 | acc=0.2118
[MORF-RANK] step 19/20 | masked= 95.0% | points= 7600/8000 | acc=0.1773
[MORF-RANK] step 20/20 | masked=100.0% | points= 8000/8000 | acc=0.1215
[LERF-RANK] step 00/20 | masked=  0.0% | points=    0/8000 | acc=0.9568
[LERF-RANK] step 01/20 | masked=  5.0% | points=  400/8000 | acc=0.8398
[LERF-RANK] step 02/20 | masked= 10.0% | points=  800/8000 | acc=0.5763
[LERF-RANK] step 03/20 | masked= 15.0% | points= 1200/8000 | acc=0.4578
[LERF-RANK] step 04/20 | masked= 20.0% | points= 1600/8000 | acc=0.3688
[LERF-RANK] step 05/20 | masked= 25.0% | points= 2000/8000 | acc=0.2862
[LERF-RANK] step 06/20 | masked= 30.0% | points= 2400/8000 | acc=0.2218
[LERF-RANK] step 07/20 | masked= 35.0% | points= 2800/8000 | acc=0.1828
[LERF-RANK] step 08/20 | masked= 40.0% | points= 3200/8000 | acc=0.1590
[LERF-RANK] step 09/20 | masked= 45.0% | points= 3600/8000 | acc=0.1448
[LERF-RANK] step 10/20 | masked= 50.0% | points= 4000/8000 | acc=0.1378
[LERF-RANK] step 11/20 | masked= 55.0% | points= 4400/8000 | acc=0.1378
[LERF-RANK] step 12/20 | masked= 60.0% | points= 4800/8000 | acc=0.1343
[LERF-RANK] step 13/20 | masked= 65.0% | points= 5200/8000 | acc=0.1335
[LERF-RANK] step 14/20 | masked= 70.0% | points= 5600/8000 | acc=0.1290
[LERF-RANK] step 15/20 | masked= 75.0% | points= 6000/8000 | acc=0.1185
[LERF-RANK] step 16/20 | masked= 80.0% | points= 6400/8000 | acc=0.1053
[LERF-RANK] step 17/20 | masked= 85.0% | points= 6800/8000 | acc=0.0925
[LERF-RANK] step 18/20 | masked= 90.0% | points= 7200/8000 | acc=0.0827
[LERF-RANK] step 19/20 | masked= 95.0% | points= 7600/8000 | acc=0.0697
[LERF-RANK] step 20/20 | masked=100.0% | points= 8000/8000 | acc=0.1235
Saved to: /mnt/left/home/2025/tony/hsinyuan/AIM_audio/morf_lerf/audiomnist/audionet/road
