[PGD] Using default eps for (audionet x audiomnist) = 0.045
[DATA] dataset=audiomnist X_wave=(6000, 8000) y=(6000,)
[MODEL] loading ckpt: /mnt/left/home/2025/tony/hsinyuan/AIM_audio/experiment_utils/checkpoints/audiomnist/audionet/best_model.pth
[EXPL] loading: /mnt/left/home/2025/tony/hsinyuan/AIM_audio/expl_audiomnist/audionet/integrad_abs.npy
[EXPL] saliency: (6000, 8000)
[ORDER] Loading cached orders from /mnt/left/home/2025/tony/hsinyuan/AIM_audio/morf_lerf/_cache/audiomnist/audionet/orders/integrad_abs_desc.npy
[PGD] Loading cached PGD from /mnt/left/home/2025/tony/hsinyuan/AIM_audio/morf_lerf/_cache/audiomnist/audionet/pgd/nofold/pgd_eps0.045_steps20.npy
[MORF-RANK] step 00/20 | masked=  0.0% | points=    0/8000 | acc=0.9568
[MORF-RANK] step 01/20 | masked=  5.0% | points=  400/8000 | acc=0.8982
[MORF-RANK] step 02/20 | masked= 10.0% | points=  800/8000 | acc=0.8232
[MORF-RANK] step 03/20 | masked= 15.0% | points= 1200/8000 | acc=0.7425
[MORF-RANK] step 04/20 | masked= 20.0% | points= 1600/8000 | acc=0.6525
[MORF-RANK] step 05/20 | masked= 25.0% | points= 2000/8000 | acc=0.5723
[MORF-RANK] step 06/20 | masked= 30.0% | points= 2400/8000 | acc=0.5012
[MORF-RANK] step 07/20 | masked= 35.0% | points= 2800/8000 | acc=0.4370
[MORF-RANK] step 08/20 | masked= 40.0% | points= 3200/8000 | acc=0.3803
[MORF-RANK] step 09/20 | masked= 45.0% | points= 3600/8000 | acc=0.3258
[MORF-RANK] step 10/20 | masked= 50.0% | points= 4000/8000 | acc=0.2740
[MORF-RANK] step 11/20 | masked= 55.0% | points= 4400/8000 | acc=0.2248
[MORF-RANK] step 12/20 | masked= 60.0% | points= 4800/8000 | acc=0.1903
[MORF-RANK] step 13/20 | masked= 65.0% | points= 5200/8000 | acc=0.1645
[MORF-RANK] step 14/20 | masked= 70.0% | points= 5600/8000 | acc=0.1482
[MORF-RANK] step 15/20 | masked= 75.0% | points= 6000/8000 | acc=0.1390
[MORF-RANK] step 16/20 | masked= 80.0% | points= 6400/8000 | acc=0.1323
[MORF-RANK] step 17/20 | masked= 85.0% | points= 6800/8000 | acc=0.1270
[MORF-RANK] step 18/20 | masked= 90.0% | points= 7200/8000 | acc=0.1245
[MORF-RANK] step 19/20 | masked= 95.0% | points= 7600/8000 | acc=0.1215
[MORF-RANK] step 20/20 | masked=100.0% | points= 8000/8000 | acc=0.1188
[LERF-RANK] step 00/20 | masked=  0.0% | points=    0/8000 | acc=0.9568
[LERF-RANK] step 01/20 | masked=  5.0% | points=  400/8000 | acc=0.9357
[LERF-RANK] step 02/20 | masked= 10.0% | points=  800/8000 | acc=0.8997
[LERF-RANK] step 03/20 | masked= 15.0% | points= 1200/8000 | acc=0.8132
[LERF-RANK] step 04/20 | masked= 20.0% | points= 1600/8000 | acc=0.7207
[LERF-RANK] step 05/20 | masked= 25.0% | points= 2000/8000 | acc=0.6488
[LERF-RANK] step 06/20 | masked= 30.0% | points= 2400/8000 | acc=0.6105
[LERF-RANK] step 07/20 | masked= 35.0% | points= 2800/8000 | acc=0.5812
[LERF-RANK] step 08/20 | masked= 40.0% | points= 3200/8000 | acc=0.5555
[LERF-RANK] step 09/20 | masked= 45.0% | points= 3600/8000 | acc=0.5337
[LERF-RANK] step 10/20 | masked= 50.0% | points= 4000/8000 | acc=0.5097
[LERF-RANK] step 11/20 | masked= 55.0% | points= 4400/8000 | acc=0.4865
[LERF-RANK] step 12/20 | masked= 60.0% | points= 4800/8000 | acc=0.4602
[LERF-RANK] step 13/20 | masked= 65.0% | points= 5200/8000 | acc=0.4227
[LERF-RANK] step 14/20 | masked= 70.0% | points= 5600/8000 | acc=0.3785
[LERF-RANK] step 15/20 | masked= 75.0% | points= 6000/8000 | acc=0.3338
[LERF-RANK] step 16/20 | masked= 80.0% | points= 6400/8000 | acc=0.2867
[LERF-RANK] step 17/20 | masked= 85.0% | points= 6800/8000 | acc=0.2380
[LERF-RANK] step 18/20 | masked= 90.0% | points= 7200/8000 | acc=0.1927
[LERF-RANK] step 19/20 | masked= 95.0% | points= 7600/8000 | acc=0.1532
[LERF-RANK] step 20/20 | masked=100.0% | points= 8000/8000 | acc=0.1188
Saved to: /mnt/left/home/2025/tony/hsinyuan/AIM_audio/morf_lerf/audiomnist/audionet/pgd
