[PGD] Using default eps for (audionet x audiomnist) = 0.045
[DATA] dataset=audiomnist X_wave=(6000, 8000) y=(6000,)
[MODEL] loading ckpt: /mnt/left/home/2025/tony/hsinyuan/AIM_audio/experiment_utils/checkpoints/audiomnist/audionet/best_model.pth
[EXPL] loading: /mnt/left/home/2025/tony/hsinyuan/AIM_audio/expl_audiomnist/audionet/smoothgrad.npy
[EXPL] saliency: (6000, 8000)
[ORDER] Loading cached orders from /mnt/left/home/2025/tony/hsinyuan/AIM_audio/morf_lerf/_cache/audiomnist/audionet/orders/smoothgrad_desc.npy
[PGD] Loading cached PGD from /mnt/left/home/2025/tony/hsinyuan/AIM_audio/morf_lerf/_cache/audiomnist/audionet/pgd/nofold/pgd_eps0.045_steps20.npy
[MORF-RANK] step 00/20 | masked=  0.0% | points=    0/8000 | acc=0.9568
[MORF-RANK] step 01/20 | masked=  5.0% | points=  400/8000 | acc=0.8650
[MORF-RANK] step 02/20 | masked= 10.0% | points=  800/8000 | acc=0.7703
[MORF-RANK] step 03/20 | masked= 15.0% | points= 1200/8000 | acc=0.6750
[MORF-RANK] step 04/20 | masked= 20.0% | points= 1600/8000 | acc=0.6040
[MORF-RANK] step 05/20 | masked= 25.0% | points= 2000/8000 | acc=0.5602
[MORF-RANK] step 06/20 | masked= 30.0% | points= 2400/8000 | acc=0.5250
[MORF-RANK] step 07/20 | masked= 35.0% | points= 2800/8000 | acc=0.4920
[MORF-RANK] step 08/20 | masked= 40.0% | points= 3200/8000 | acc=0.4587
[MORF-RANK] step 09/20 | masked= 45.0% | points= 3600/8000 | acc=0.4327
[MORF-RANK] step 10/20 | masked= 50.0% | points= 4000/8000 | acc=0.4073
[MORF-RANK] step 11/20 | masked= 55.0% | points= 4400/8000 | acc=0.3825
[MORF-RANK] step 12/20 | masked= 60.0% | points= 4800/8000 | acc=0.3633
[MORF-RANK] step 13/20 | masked= 65.0% | points= 5200/8000 | acc=0.3445
[MORF-RANK] step 14/20 | masked= 70.0% | points= 5600/8000 | acc=0.3200
[MORF-RANK] step 15/20 | masked= 75.0% | points= 6000/8000 | acc=0.2925
[MORF-RANK] step 16/20 | masked= 80.0% | points= 6400/8000 | acc=0.2622
[MORF-RANK] step 17/20 | masked= 85.0% | points= 6800/8000 | acc=0.2290
[MORF-RANK] step 18/20 | masked= 90.0% | points= 7200/8000 | acc=0.1965
[MORF-RANK] step 19/20 | masked= 95.0% | points= 7600/8000 | acc=0.1643
[MORF-RANK] step 20/20 | masked=100.0% | points= 8000/8000 | acc=0.1188
[LERF-RANK] step 00/20 | masked=  0.0% | points=    0/8000 | acc=0.9568
[LERF-RANK] step 01/20 | masked=  5.0% | points=  400/8000 | acc=0.8647
[LERF-RANK] step 02/20 | masked= 10.0% | points=  800/8000 | acc=0.7790
[LERF-RANK] step 03/20 | masked= 15.0% | points= 1200/8000 | acc=0.6923
[LERF-RANK] step 04/20 | masked= 20.0% | points= 1600/8000 | acc=0.6205
[LERF-RANK] step 05/20 | masked= 25.0% | points= 2000/8000 | acc=0.5680
[LERF-RANK] step 06/20 | masked= 30.0% | points= 2400/8000 | acc=0.5317
[LERF-RANK] step 07/20 | masked= 35.0% | points= 2800/8000 | acc=0.4950
[LERF-RANK] step 08/20 | masked= 40.0% | points= 3200/8000 | acc=0.4590
[LERF-RANK] step 09/20 | masked= 45.0% | points= 3600/8000 | acc=0.4282
[LERF-RANK] step 10/20 | masked= 50.0% | points= 4000/8000 | acc=0.4023
[LERF-RANK] step 11/20 | masked= 55.0% | points= 4400/8000 | acc=0.3772
[LERF-RANK] step 12/20 | masked= 60.0% | points= 4800/8000 | acc=0.3587
[LERF-RANK] step 13/20 | masked= 65.0% | points= 5200/8000 | acc=0.3367
[LERF-RANK] step 14/20 | masked= 70.0% | points= 5600/8000 | acc=0.3140
[LERF-RANK] step 15/20 | masked= 75.0% | points= 6000/8000 | acc=0.2860
[LERF-RANK] step 16/20 | masked= 80.0% | points= 6400/8000 | acc=0.2555
[LERF-RANK] step 17/20 | masked= 85.0% | points= 6800/8000 | acc=0.2265
[LERF-RANK] step 18/20 | masked= 90.0% | points= 7200/8000 | acc=0.1935
[LERF-RANK] step 19/20 | masked= 95.0% | points= 7600/8000 | acc=0.1600
[LERF-RANK] step 20/20 | masked=100.0% | points= 8000/8000 | acc=0.1188
Saved to: /mnt/left/home/2025/tony/hsinyuan/AIM_audio/morf_lerf/audiomnist/audionet/pgd
