[PGD] Using default eps for (audionet x audiomnist) = 0.045
[DATA] dataset=audiomnist X_wave=(6000, 8000) y=(6000,)
[MODEL] loading ckpt: /mnt/left/home/2025/tony/hsinyuan/AIM_audio/experiment_utils/checkpoints/audiomnist/audionet/best_model.pth
[EXPL] loading: /mnt/left/home/2025/tony/hsinyuan/AIM_audio/expl_audiomnist/audionet/smoothgrad_abs.npy
[EXPL] saliency: (6000, 8000)
[ORDER] Loading cached orders from /mnt/left/home/2025/tony/hsinyuan/AIM_audio/morf_lerf/_cache/audiomnist/audionet/orders/smoothgrad_abs_desc.npy
[PGD] Loading cached PGD from /mnt/left/home/2025/tony/hsinyuan/AIM_audio/morf_lerf/_cache/audiomnist/audionet/pgd/nofold/pgd_eps0.045_steps20.npy
[MORF-RANK] step 00/20 | masked=  0.0% | points=    0/8000 | acc=0.9568
[MORF-RANK] step 01/20 | masked=  5.0% | points=  400/8000 | acc=0.8460
[MORF-RANK] step 02/20 | masked= 10.0% | points=  800/8000 | acc=0.7232
[MORF-RANK] step 03/20 | masked= 15.0% | points= 1200/8000 | acc=0.6005
[MORF-RANK] step 04/20 | masked= 20.0% | points= 1600/8000 | acc=0.5347
[MORF-RANK] step 05/20 | masked= 25.0% | points= 2000/8000 | acc=0.4877
[MORF-RANK] step 06/20 | masked= 30.0% | points= 2400/8000 | acc=0.4443
[MORF-RANK] step 07/20 | masked= 35.0% | points= 2800/8000 | acc=0.4020
[MORF-RANK] step 08/20 | masked= 40.0% | points= 3200/8000 | acc=0.3713
[MORF-RANK] step 09/20 | masked= 45.0% | points= 3600/8000 | acc=0.3413
[MORF-RANK] step 10/20 | masked= 50.0% | points= 4000/8000 | acc=0.3185
[MORF-RANK] step 11/20 | masked= 55.0% | points= 4400/8000 | acc=0.2933
[MORF-RANK] step 12/20 | masked= 60.0% | points= 4800/8000 | acc=0.2670
[MORF-RANK] step 13/20 | masked= 65.0% | points= 5200/8000 | acc=0.2412
[MORF-RANK] step 14/20 | masked= 70.0% | points= 5600/8000 | acc=0.2148
[MORF-RANK] step 15/20 | masked= 75.0% | points= 6000/8000 | acc=0.1912
[MORF-RANK] step 16/20 | masked= 80.0% | points= 6400/8000 | acc=0.1692
[MORF-RANK] step 17/20 | masked= 85.0% | points= 6800/8000 | acc=0.1528
[MORF-RANK] step 18/20 | masked= 90.0% | points= 7200/8000 | acc=0.1385
[MORF-RANK] step 19/20 | masked= 95.0% | points= 7600/8000 | acc=0.1272
[MORF-RANK] step 20/20 | masked=100.0% | points= 8000/8000 | acc=0.1188
[LERF-RANK] step 00/20 | masked=  0.0% | points=    0/8000 | acc=0.9568
[LERF-RANK] step 01/20 | masked=  5.0% | points=  400/8000 | acc=0.9522
[LERF-RANK] step 02/20 | masked= 10.0% | points=  800/8000 | acc=0.9445
[LERF-RANK] step 03/20 | masked= 15.0% | points= 1200/8000 | acc=0.9328
[LERF-RANK] step 04/20 | masked= 20.0% | points= 1600/8000 | acc=0.9135
[LERF-RANK] step 05/20 | masked= 25.0% | points= 2000/8000 | acc=0.8810
[LERF-RANK] step 06/20 | masked= 30.0% | points= 2400/8000 | acc=0.8265
[LERF-RANK] step 07/20 | masked= 35.0% | points= 2800/8000 | acc=0.7568
[LERF-RANK] step 08/20 | masked= 40.0% | points= 3200/8000 | acc=0.6777
[LERF-RANK] step 09/20 | masked= 45.0% | points= 3600/8000 | acc=0.6115
[LERF-RANK] step 10/20 | masked= 50.0% | points= 4000/8000 | acc=0.5572
[LERF-RANK] step 11/20 | masked= 55.0% | points= 4400/8000 | acc=0.5085
[LERF-RANK] step 12/20 | masked= 60.0% | points= 4800/8000 | acc=0.4640
[LERF-RANK] step 13/20 | masked= 65.0% | points= 5200/8000 | acc=0.4273
[LERF-RANK] step 14/20 | masked= 70.0% | points= 5600/8000 | acc=0.3897
[LERF-RANK] step 15/20 | masked= 75.0% | points= 6000/8000 | acc=0.3538
[LERF-RANK] step 16/20 | masked= 80.0% | points= 6400/8000 | acc=0.3122
[LERF-RANK] step 17/20 | masked= 85.0% | points= 6800/8000 | acc=0.2655
[LERF-RANK] step 18/20 | masked= 90.0% | points= 7200/8000 | acc=0.2153
[LERF-RANK] step 19/20 | masked= 95.0% | points= 7600/8000 | acc=0.1707
[LERF-RANK] step 20/20 | masked=100.0% | points= 8000/8000 | acc=0.1188
Saved to: /mnt/left/home/2025/tony/hsinyuan/AIM_audio/morf_lerf/audiomnist/audionet/pgd
