[DATA] dataset=audiomnist X_wave=(6000, 8000) y=(6000,)
[MODEL] loading ckpt: /mnt/left/home/2025/tony/hsinyuan/AIM_audio/experiment_utils/checkpoints/audiomnist/audionet/best_model.pth
[EXPL] loading: /mnt/left/home/2025/tony/hsinyuan/AIM_audio/expl_audiomnist/audionet/gradinput_abs.npy
[EXPL] saliency: (6000, 8000)
[ORDER] Loading cached orders from /mnt/left/home/2025/tony/hsinyuan/AIM_audio/morf_lerf/_cache/audiomnist/audionet/orders/gradinput_abs_desc.npy
[MORF-RANK] step 00/20 | masked=  0.0% | points=    0/8000 | acc=0.9568
[MORF-RANK] step 01/20 | masked=  5.0% | points=  400/8000 | acc=0.4112
[MORF-RANK] step 02/20 | masked= 10.0% | points=  800/8000 | acc=0.3190
[MORF-RANK] step 03/20 | masked= 15.0% | points= 1200/8000 | acc=0.2635
[MORF-RANK] step 04/20 | masked= 20.0% | points= 1600/8000 | acc=0.2218
[MORF-RANK] step 05/20 | masked= 25.0% | points= 2000/8000 | acc=0.1775
[MORF-RANK] step 06/20 | masked= 30.0% | points= 2400/8000 | acc=0.1382
[MORF-RANK] step 07/20 | masked= 35.0% | points= 2800/8000 | acc=0.1245
[MORF-RANK] step 08/20 | masked= 40.0% | points= 3200/8000 | acc=0.1223
[MORF-RANK] step 09/20 | masked= 45.0% | points= 3600/8000 | acc=0.1245
[MORF-RANK] step 10/20 | masked= 50.0% | points= 4000/8000 | acc=0.1283
[MORF-RANK] step 11/20 | masked= 55.0% | points= 4400/8000 | acc=0.1343
[MORF-RANK] step 12/20 | masked= 60.0% | points= 4800/8000 | acc=0.1458
[MORF-RANK] step 13/20 | masked= 65.0% | points= 5200/8000 | acc=0.1402
[MORF-RANK] step 14/20 | masked= 70.0% | points= 5600/8000 | acc=0.1282
[MORF-RANK] step 15/20 | masked= 75.0% | points= 6000/8000 | acc=0.1158
[MORF-RANK] step 16/20 | masked= 80.0% | points= 6400/8000 | acc=0.1065
[MORF-RANK] step 17/20 | masked= 85.0% | points= 6800/8000 | acc=0.1017
[MORF-RANK] step 18/20 | masked= 90.0% | points= 7200/8000 | acc=0.1002
[MORF-RANK] step 19/20 | masked= 95.0% | points= 7600/8000 | acc=0.0983
[MORF-RANK] step 20/20 | masked=100.0% | points= 8000/8000 | acc=0.1208
[LERF-RANK] step 00/20 | masked=  0.0% | points=    0/8000 | acc=0.9568
[LERF-RANK] step 01/20 | masked=  5.0% | points=  400/8000 | acc=0.9578
[LERF-RANK] step 02/20 | masked= 10.0% | points=  800/8000 | acc=0.9503
[LERF-RANK] step 03/20 | masked= 15.0% | points= 1200/8000 | acc=0.9430
[LERF-RANK] step 04/20 | masked= 20.0% | points= 1600/8000 | acc=0.9265
[LERF-RANK] step 05/20 | masked= 25.0% | points= 2000/8000 | acc=0.9068
[LERF-RANK] step 06/20 | masked= 30.0% | points= 2400/8000 | acc=0.8718
[LERF-RANK] step 07/20 | masked= 35.0% | points= 2800/8000 | acc=0.8138
[LERF-RANK] step 08/20 | masked= 40.0% | points= 3200/8000 | acc=0.7463
[LERF-RANK] step 09/20 | masked= 45.0% | points= 3600/8000 | acc=0.6637
[LERF-RANK] step 10/20 | masked= 50.0% | points= 4000/8000 | acc=0.5832
[LERF-RANK] step 11/20 | masked= 55.0% | points= 4400/8000 | acc=0.5137
[LERF-RANK] step 12/20 | masked= 60.0% | points= 4800/8000 | acc=0.4647
[LERF-RANK] step 13/20 | masked= 65.0% | points= 5200/8000 | acc=0.4192
[LERF-RANK] step 14/20 | masked= 70.0% | points= 5600/8000 | acc=0.3845
[LERF-RANK] step 15/20 | masked= 75.0% | points= 6000/8000 | acc=0.3502
[LERF-RANK] step 16/20 | masked= 80.0% | points= 6400/8000 | acc=0.3167
[LERF-RANK] step 17/20 | masked= 85.0% | points= 6800/8000 | acc=0.2903
[LERF-RANK] step 18/20 | masked= 90.0% | points= 7200/8000 | acc=0.2667
[LERF-RANK] step 19/20 | masked= 95.0% | points= 7600/8000 | acc=0.2238
[LERF-RANK] step 20/20 | masked=100.0% | points= 8000/8000 | acc=0.1225
Saved to: /mnt/left/home/2025/tony/hsinyuan/AIM_audio/morf_lerf/audiomnist/audionet/road
