[DATA] dataset=audiomnist X_wave=(6000, 8000) y=(6000,)
[MODEL] loading ckpt: /mnt/left/home/2025/tony/hsinyuan/AIM_audio/experiment_utils/checkpoints/audiomnist/audionet/best_model.pth
[EXPL] loading: /mnt/left/home/2025/tony/hsinyuan/AIM_audio/expl_audiomnist/audionet/gradient.npy
[EXPL] saliency: (6000, 8000)
[ORDER] Loading cached orders from /mnt/left/home/2025/tony/hsinyuan/AIM_audio/morf_lerf/_cache/audiomnist/audionet/orders/gradient_desc.npy
[MORF-RANK] step 00/20 | masked=  0.0% | points=    0/8000 | acc=0.9568
[MORF-RANK] step 01/20 | masked=  5.0% | points=  400/8000 | acc=0.4587
[MORF-RANK] step 02/20 | masked= 10.0% | points=  800/8000 | acc=0.2765
[MORF-RANK] step 03/20 | masked= 15.0% | points= 1200/8000 | acc=0.2053
[MORF-RANK] step 04/20 | masked= 20.0% | points= 1600/8000 | acc=0.1745
[MORF-RANK] step 05/20 | masked= 25.0% | points= 2000/8000 | acc=0.1583
[MORF-RANK] step 06/20 | masked= 30.0% | points= 2400/8000 | acc=0.1493
[MORF-RANK] step 07/20 | masked= 35.0% | points= 2800/8000 | acc=0.1403
[MORF-RANK] step 08/20 | masked= 40.0% | points= 3200/8000 | acc=0.1338
[MORF-RANK] step 09/20 | masked= 45.0% | points= 3600/8000 | acc=0.1260
[MORF-RANK] step 10/20 | masked= 50.0% | points= 4000/8000 | acc=0.1192
[MORF-RANK] step 11/20 | masked= 55.0% | points= 4400/8000 | acc=0.1120
[MORF-RANK] step 12/20 | masked= 60.0% | points= 4800/8000 | acc=0.1010
[MORF-RANK] step 13/20 | masked= 65.0% | points= 5200/8000 | acc=0.0962
[MORF-RANK] step 14/20 | masked= 70.0% | points= 5600/8000 | acc=0.0972
[MORF-RANK] step 15/20 | masked= 75.0% | points= 6000/8000 | acc=0.0997
[MORF-RANK] step 16/20 | masked= 80.0% | points= 6400/8000 | acc=0.1013
[MORF-RANK] step 17/20 | masked= 85.0% | points= 6800/8000 | acc=0.1013
[MORF-RANK] step 18/20 | masked= 90.0% | points= 7200/8000 | acc=0.1022
[MORF-RANK] step 19/20 | masked= 95.0% | points= 7600/8000 | acc=0.1010
[MORF-RANK] step 20/20 | masked=100.0% | points= 8000/8000 | acc=0.1218
[LERF-RANK] step 00/20 | masked=  0.0% | points=    0/8000 | acc=0.9568
[LERF-RANK] step 01/20 | masked=  5.0% | points=  400/8000 | acc=0.4302
[LERF-RANK] step 02/20 | masked= 10.0% | points=  800/8000 | acc=0.2675
[LERF-RANK] step 03/20 | masked= 15.0% | points= 1200/8000 | acc=0.1908
[LERF-RANK] step 04/20 | masked= 20.0% | points= 1600/8000 | acc=0.1667
[LERF-RANK] step 05/20 | masked= 25.0% | points= 2000/8000 | acc=0.1540
[LERF-RANK] step 06/20 | masked= 30.0% | points= 2400/8000 | acc=0.1447
[LERF-RANK] step 07/20 | masked= 35.0% | points= 2800/8000 | acc=0.1407
[LERF-RANK] step 08/20 | masked= 40.0% | points= 3200/8000 | acc=0.1310
[LERF-RANK] step 09/20 | masked= 45.0% | points= 3600/8000 | acc=0.1243
[LERF-RANK] step 10/20 | masked= 50.0% | points= 4000/8000 | acc=0.1182
[LERF-RANK] step 11/20 | masked= 55.0% | points= 4400/8000 | acc=0.1127
[LERF-RANK] step 12/20 | masked= 60.0% | points= 4800/8000 | acc=0.1053
[LERF-RANK] step 13/20 | masked= 65.0% | points= 5200/8000 | acc=0.0992
[LERF-RANK] step 14/20 | masked= 70.0% | points= 5600/8000 | acc=0.0963
[LERF-RANK] step 15/20 | masked= 75.0% | points= 6000/8000 | acc=0.0982
[LERF-RANK] step 16/20 | masked= 80.0% | points= 6400/8000 | acc=0.0997
[LERF-RANK] step 17/20 | masked= 85.0% | points= 6800/8000 | acc=0.0995
[LERF-RANK] step 18/20 | masked= 90.0% | points= 7200/8000 | acc=0.1017
[LERF-RANK] step 19/20 | masked= 95.0% | points= 7600/8000 | acc=0.1017
[LERF-RANK] step 20/20 | masked=100.0% | points= 8000/8000 | acc=0.1242
Saved to: /mnt/left/home/2025/tony/hsinyuan/AIM_audio/morf_lerf/audiomnist/audionet/road
