[DATA] dataset=audiomnist X_wave=(6000, 8000) y=(6000,)
[MODEL] loading ckpt: /mnt/left/home/2025/tony/hsinyuan/AIM_audio/experiment_utils/checkpoints/audiomnist/audionet/best_model.pth
[EXPL] loading: /mnt/left/home/2025/tony/hsinyuan/AIM_audio/expl_audiomnist/audionet/gradient.npy
[EXPL] saliency: (6000, 8000)
[ORDER] Loading cached orders from /mnt/left/home/2025/tony/hsinyuan/AIM_audio/morf_lerf/_cache/audiomnist/audionet/orders/gradient_desc.npy
[MORF-RANK] step 00/20 | masked=  0.0% | points=    0/8000 | acc=0.9568
[MORF-RANK] step 01/20 | masked=  5.0% | points=  400/8000 | acc=0.6608
[MORF-RANK] step 02/20 | masked= 10.0% | points=  800/8000 | acc=0.5743
[MORF-RANK] step 03/20 | masked= 15.0% | points= 1200/8000 | acc=0.5128
[MORF-RANK] step 04/20 | masked= 20.0% | points= 1600/8000 | acc=0.4497
[MORF-RANK] step 05/20 | masked= 25.0% | points= 2000/8000 | acc=0.3953
[MORF-RANK] step 06/20 | masked= 30.0% | points= 2400/8000 | acc=0.3550
[MORF-RANK] step 07/20 | masked= 35.0% | points= 2800/8000 | acc=0.3225
[MORF-RANK] step 08/20 | masked= 40.0% | points= 3200/8000 | acc=0.3007
[MORF-RANK] step 09/20 | masked= 45.0% | points= 3600/8000 | acc=0.2840
[MORF-RANK] step 10/20 | masked= 50.0% | points= 4000/8000 | acc=0.2695
[MORF-RANK] step 11/20 | masked= 55.0% | points= 4400/8000 | acc=0.2572
[MORF-RANK] step 12/20 | masked= 60.0% | points= 4800/8000 | acc=0.2417
[MORF-RANK] step 13/20 | masked= 65.0% | points= 5200/8000 | acc=0.2233
[MORF-RANK] step 14/20 | masked= 70.0% | points= 5600/8000 | acc=0.2003
[MORF-RANK] step 15/20 | masked= 75.0% | points= 6000/8000 | acc=0.1662
[MORF-RANK] step 16/20 | masked= 80.0% | points= 6400/8000 | acc=0.1377
[MORF-RANK] step 17/20 | masked= 85.0% | points= 6800/8000 | acc=0.1378
[MORF-RANK] step 18/20 | masked= 90.0% | points= 7200/8000 | acc=0.1370
[MORF-RANK] step 19/20 | masked= 95.0% | points= 7600/8000 | acc=0.1007
[MORF-RANK] step 20/20 | masked=100.0% | points= 8000/8000 | acc=0.1000
[LERF-RANK] step 00/20 | masked=  0.0% | points=    0/8000 | acc=0.9568
[LERF-RANK] step 01/20 | masked=  5.0% | points=  400/8000 | acc=0.6448
[LERF-RANK] step 02/20 | masked= 10.0% | points=  800/8000 | acc=0.5672
[LERF-RANK] step 03/20 | masked= 15.0% | points= 1200/8000 | acc=0.4928
[LERF-RANK] step 04/20 | masked= 20.0% | points= 1600/8000 | acc=0.4327
[LERF-RANK] step 05/20 | masked= 25.0% | points= 2000/8000 | acc=0.3800
[LERF-RANK] step 06/20 | masked= 30.0% | points= 2400/8000 | acc=0.3395
[LERF-RANK] step 07/20 | masked= 35.0% | points= 2800/8000 | acc=0.3070
[LERF-RANK] step 08/20 | masked= 40.0% | points= 3200/8000 | acc=0.2868
[LERF-RANK] step 09/20 | masked= 45.0% | points= 3600/8000 | acc=0.2732
[LERF-RANK] step 10/20 | masked= 50.0% | points= 4000/8000 | acc=0.2660
[LERF-RANK] step 11/20 | masked= 55.0% | points= 4400/8000 | acc=0.2573
[LERF-RANK] step 12/20 | masked= 60.0% | points= 4800/8000 | acc=0.2472
[LERF-RANK] step 13/20 | masked= 65.0% | points= 5200/8000 | acc=0.2297
[LERF-RANK] step 14/20 | masked= 70.0% | points= 5600/8000 | acc=0.2070
[LERF-RANK] step 15/20 | masked= 75.0% | points= 6000/8000 | acc=0.1867
[LERF-RANK] step 16/20 | masked= 80.0% | points= 6400/8000 | acc=0.1667
[LERF-RANK] step 17/20 | masked= 85.0% | points= 6800/8000 | acc=0.1532
[LERF-RANK] step 18/20 | masked= 90.0% | points= 7200/8000 | acc=0.1553
[LERF-RANK] step 19/20 | masked= 95.0% | points= 7600/8000 | acc=0.1023
[LERF-RANK] step 20/20 | masked=100.0% | points= 8000/8000 | acc=0.1000
Saved to: /mnt/left/home/2025/tony/hsinyuan/AIM_audio/morf_lerf/audiomnist/audionet/zero
