[DATA] dataset=audiomnist X_wave=(6000, 8000) y=(6000,)
[MODEL] loading ckpt: /mnt/left/home/2025/tony/hsinyuan/AIM_audio/experiment_utils/checkpoints/audiomnist/audionet/best_model.pth
[EXPL] loading: /mnt/left/home/2025/tony/hsinyuan/AIM_audio/expl_audiomnist/audionet/random.npy
[EXPL] saliency: (6000, 8000)
[ORDER] Loading cached orders from /mnt/left/home/2025/tony/hsinyuan/AIM_audio/morf_lerf/_cache/audiomnist/audionet/orders/random_desc.npy
[MORF-RANK] step 00/20 | masked=  0.0% | points=    0/8000 | acc=0.9568
[MORF-RANK] step 01/20 | masked=  5.0% | points=  400/8000 | acc=0.3168
[MORF-RANK] step 02/20 | masked= 10.0% | points=  800/8000 | acc=0.2545
[MORF-RANK] step 03/20 | masked= 15.0% | points= 1200/8000 | acc=0.2253
[MORF-RANK] step 04/20 | masked= 20.0% | points= 1600/8000 | acc=0.2152
[MORF-RANK] step 05/20 | masked= 25.0% | points= 2000/8000 | acc=0.2157
[MORF-RANK] step 06/20 | masked= 30.0% | points= 2400/8000 | acc=0.2147
[MORF-RANK] step 07/20 | masked= 35.0% | points= 2800/8000 | acc=0.2103
[MORF-RANK] step 08/20 | masked= 40.0% | points= 3200/8000 | acc=0.2088
[MORF-RANK] step 09/20 | masked= 45.0% | points= 3600/8000 | acc=0.2048
[MORF-RANK] step 10/20 | masked= 50.0% | points= 4000/8000 | acc=0.1972
[MORF-RANK] step 11/20 | masked= 55.0% | points= 4400/8000 | acc=0.1900
[MORF-RANK] step 12/20 | masked= 60.0% | points= 4800/8000 | acc=0.1797
[MORF-RANK] step 13/20 | masked= 65.0% | points= 5200/8000 | acc=0.1693
[MORF-RANK] step 14/20 | masked= 70.0% | points= 5600/8000 | acc=0.1620
[MORF-RANK] step 15/20 | masked= 75.0% | points= 6000/8000 | acc=0.1560
[MORF-RANK] step 16/20 | masked= 80.0% | points= 6400/8000 | acc=0.1545
[MORF-RANK] step 17/20 | masked= 85.0% | points= 6800/8000 | acc=0.1530
[MORF-RANK] step 18/20 | masked= 90.0% | points= 7200/8000 | acc=0.1440
[MORF-RANK] step 19/20 | masked= 95.0% | points= 7600/8000 | acc=0.1022
[MORF-RANK] step 20/20 | masked=100.0% | points= 8000/8000 | acc=0.1233
[LERF-RANK] step 00/20 | masked=  0.0% | points=    0/8000 | acc=0.9568
[LERF-RANK] step 01/20 | masked=  5.0% | points=  400/8000 | acc=0.3185
[LERF-RANK] step 02/20 | masked= 10.0% | points=  800/8000 | acc=0.2568
[LERF-RANK] step 03/20 | masked= 15.0% | points= 1200/8000 | acc=0.2255
[LERF-RANK] step 04/20 | masked= 20.0% | points= 1600/8000 | acc=0.2172
[LERF-RANK] step 05/20 | masked= 25.0% | points= 2000/8000 | acc=0.2162
[LERF-RANK] step 06/20 | masked= 30.0% | points= 2400/8000 | acc=0.2165
[LERF-RANK] step 07/20 | masked= 35.0% | points= 2800/8000 | acc=0.2145
[LERF-RANK] step 08/20 | masked= 40.0% | points= 3200/8000 | acc=0.2103
[LERF-RANK] step 09/20 | masked= 45.0% | points= 3600/8000 | acc=0.2055
[LERF-RANK] step 10/20 | masked= 50.0% | points= 4000/8000 | acc=0.1997
[LERF-RANK] step 11/20 | masked= 55.0% | points= 4400/8000 | acc=0.1887
[LERF-RANK] step 12/20 | masked= 60.0% | points= 4800/8000 | acc=0.1787
[LERF-RANK] step 13/20 | masked= 65.0% | points= 5200/8000 | acc=0.1668
[LERF-RANK] step 14/20 | masked= 70.0% | points= 5600/8000 | acc=0.1592
[LERF-RANK] step 15/20 | masked= 75.0% | points= 6000/8000 | acc=0.1558
[LERF-RANK] step 16/20 | masked= 80.0% | points= 6400/8000 | acc=0.1558
[LERF-RANK] step 17/20 | masked= 85.0% | points= 6800/8000 | acc=0.1537
[LERF-RANK] step 18/20 | masked= 90.0% | points= 7200/8000 | acc=0.1455
[LERF-RANK] step 19/20 | masked= 95.0% | points= 7600/8000 | acc=0.1035
[LERF-RANK] step 20/20 | masked=100.0% | points= 8000/8000 | acc=0.1200
Saved to: /mnt/left/home/2025/tony/hsinyuan/AIM_audio/morf_lerf/audiomnist/audionet/road
