[PGD] Using default eps for (audionet x audiomnist) = 0.045
[DATA] dataset=audiomnist X_wave=(6000, 8000) y=(6000,)
[MODEL] loading ckpt: /mnt/left/home/2025/tony/hsinyuan/AIM_audio/experiment_utils/checkpoints/audiomnist/audionet/best_model.pth
[EXPL] loading: /mnt/left/home/2025/tony/hsinyuan/AIM_audio/expl_audiomnist/audionet/gradient_abs.npy
[EXPL] saliency: (6000, 8000)
[ORDER] Loading cached orders from /mnt/left/home/2025/tony/hsinyuan/AIM_audio/morf_lerf/_cache/audiomnist/audionet/orders/gradient_abs_desc.npy
[PGD] Loading cached PGD from /mnt/left/home/2025/tony/hsinyuan/AIM_audio/morf_lerf/_cache/audiomnist/audionet/pgd/nofold/pgd_eps0.045_steps20.npy
[MORF-RANK] step 00/20 | masked=  0.0% | points=    0/8000 | acc=0.9568
[MORF-RANK] step 01/20 | masked=  5.0% | points=  400/8000 | acc=0.8443
[MORF-RANK] step 02/20 | masked= 10.0% | points=  800/8000 | acc=0.7133
[MORF-RANK] step 03/20 | masked= 15.0% | points= 1200/8000 | acc=0.6037
[MORF-RANK] step 04/20 | masked= 20.0% | points= 1600/8000 | acc=0.5310
[MORF-RANK] step 05/20 | masked= 25.0% | points= 2000/8000 | acc=0.4762
[MORF-RANK] step 06/20 | masked= 30.0% | points= 2400/8000 | acc=0.4255
[MORF-RANK] step 07/20 | masked= 35.0% | points= 2800/8000 | acc=0.3820
[MORF-RANK] step 08/20 | masked= 40.0% | points= 3200/8000 | acc=0.3432
[MORF-RANK] step 09/20 | masked= 45.0% | points= 3600/8000 | acc=0.3162
[MORF-RANK] step 10/20 | masked= 50.0% | points= 4000/8000 | acc=0.2882
[MORF-RANK] step 11/20 | masked= 55.0% | points= 4400/8000 | acc=0.2667
[MORF-RANK] step 12/20 | masked= 60.0% | points= 4800/8000 | acc=0.2443
[MORF-RANK] step 13/20 | masked= 65.0% | points= 5200/8000 | acc=0.2195
[MORF-RANK] step 14/20 | masked= 70.0% | points= 5600/8000 | acc=0.1995
[MORF-RANK] step 15/20 | masked= 75.0% | points= 6000/8000 | acc=0.1795
[MORF-RANK] step 16/20 | masked= 80.0% | points= 6400/8000 | acc=0.1615
[MORF-RANK] step 17/20 | masked= 85.0% | points= 6800/8000 | acc=0.1468
[MORF-RANK] step 18/20 | masked= 90.0% | points= 7200/8000 | acc=0.1375
[MORF-RANK] step 19/20 | masked= 95.0% | points= 7600/8000 | acc=0.1263
[MORF-RANK] step 20/20 | masked=100.0% | points= 8000/8000 | acc=0.1188
[LERF-RANK] step 00/20 | masked=  0.0% | points=    0/8000 | acc=0.9568
[LERF-RANK] step 01/20 | masked=  5.0% | points=  400/8000 | acc=0.9498
[LERF-RANK] step 02/20 | masked= 10.0% | points=  800/8000 | acc=0.9355
[LERF-RANK] step 03/20 | masked= 15.0% | points= 1200/8000 | acc=0.9145
[LERF-RANK] step 04/20 | masked= 20.0% | points= 1600/8000 | acc=0.8817
[LERF-RANK] step 05/20 | masked= 25.0% | points= 2000/8000 | acc=0.8332
[LERF-RANK] step 06/20 | masked= 30.0% | points= 2400/8000 | acc=0.7652
[LERF-RANK] step 07/20 | masked= 35.0% | points= 2800/8000 | acc=0.6973
[LERF-RANK] step 08/20 | masked= 40.0% | points= 3200/8000 | acc=0.6417
[LERF-RANK] step 09/20 | masked= 45.0% | points= 3600/8000 | acc=0.5997
[LERF-RANK] step 10/20 | masked= 50.0% | points= 4000/8000 | acc=0.5665
[LERF-RANK] step 11/20 | masked= 55.0% | points= 4400/8000 | acc=0.5322
[LERF-RANK] step 12/20 | masked= 60.0% | points= 4800/8000 | acc=0.4967
[LERF-RANK] step 13/20 | masked= 65.0% | points= 5200/8000 | acc=0.4620
[LERF-RANK] step 14/20 | masked= 70.0% | points= 5600/8000 | acc=0.4247
[LERF-RANK] step 15/20 | masked= 75.0% | points= 6000/8000 | acc=0.3830
[LERF-RANK] step 16/20 | masked= 80.0% | points= 6400/8000 | acc=0.3383
[LERF-RANK] step 17/20 | masked= 85.0% | points= 6800/8000 | acc=0.2855
[LERF-RANK] step 18/20 | masked= 90.0% | points= 7200/8000 | acc=0.2260
[LERF-RANK] step 19/20 | masked= 95.0% | points= 7600/8000 | acc=0.1717
[LERF-RANK] step 20/20 | masked=100.0% | points= 8000/8000 | acc=0.1188
Saved to: /mnt/left/home/2025/tony/hsinyuan/AIM_audio/morf_lerf/audiomnist/audionet/pgd
