[DATA] dataset=audiomnist X_wave=(6000, 8000) y=(6000,)
[MODEL] loading ckpt: /mnt/left/home/2025/tony/hsinyuan/AIM_audio/experiment_utils/checkpoints/audiomnist/audionet/best_model.pth
[EXPL] loading: /mnt/left/home/2025/tony/hsinyuan/AIM_audio/expl_audiomnist/audionet/integrad_abs.npy
[EXPL] saliency: (6000, 8000)
[ORDER] Computing per-sample ranking (desc)...
[ORDER] Saved to /mnt/left/home/2025/tony/hsinyuan/AIM_audio/morf_lerf/_cache/audiomnist/audionet/orders/integrad_abs_desc.npy
[MORF-RANK] step 00/20 | masked=  0.0% | points=    0/8000 | acc=0.9568
[MORF-RANK] step 01/20 | masked=  5.0% | points=  400/8000 | acc=0.4135
[MORF-RANK] step 02/20 | masked= 10.0% | points=  800/8000 | acc=0.3155
[MORF-RANK] step 03/20 | masked= 15.0% | points= 1200/8000 | acc=0.2873
[MORF-RANK] step 04/20 | masked= 20.0% | points= 1600/8000 | acc=0.2498
[MORF-RANK] step 05/20 | masked= 25.0% | points= 2000/8000 | acc=0.1847
[MORF-RANK] step 06/20 | masked= 30.0% | points= 2400/8000 | acc=0.1358
[MORF-RANK] step 07/20 | masked= 35.0% | points= 2800/8000 | acc=0.1228
[MORF-RANK] step 08/20 | masked= 40.0% | points= 3200/8000 | acc=0.1242
[MORF-RANK] step 09/20 | masked= 45.0% | points= 3600/8000 | acc=0.1368
[MORF-RANK] step 10/20 | masked= 50.0% | points= 4000/8000 | acc=0.1633
[MORF-RANK] step 11/20 | masked= 55.0% | points= 4400/8000 | acc=0.1905
[MORF-RANK] step 12/20 | masked= 60.0% | points= 4800/8000 | acc=0.1870
[MORF-RANK] step 13/20 | masked= 65.0% | points= 5200/8000 | acc=0.1692
[MORF-RANK] step 14/20 | masked= 70.0% | points= 5600/8000 | acc=0.1437
[MORF-RANK] step 15/20 | masked= 75.0% | points= 6000/8000 | acc=0.1225
[MORF-RANK] step 16/20 | masked= 80.0% | points= 6400/8000 | acc=0.1105
[MORF-RANK] step 17/20 | masked= 85.0% | points= 6800/8000 | acc=0.1043
[MORF-RANK] step 18/20 | masked= 90.0% | points= 7200/8000 | acc=0.1010
[MORF-RANK] step 19/20 | masked= 95.0% | points= 7600/8000 | acc=0.1000
[MORF-RANK] step 20/20 | masked=100.0% | points= 8000/8000 | acc=0.1000
[LERF-RANK] step 00/20 | masked=  0.0% | points=    0/8000 | acc=0.9568
[LERF-RANK] step 01/20 | masked=  5.0% | points=  400/8000 | acc=0.9568
[LERF-RANK] step 02/20 | masked= 10.0% | points=  800/8000 | acc=0.9565
[LERF-RANK] step 03/20 | masked= 15.0% | points= 1200/8000 | acc=0.9565
[LERF-RANK] step 04/20 | masked= 20.0% | points= 1600/8000 | acc=0.9557
[LERF-RANK] step 05/20 | masked= 25.0% | points= 2000/8000 | acc=0.9535
[LERF-RANK] step 06/20 | masked= 30.0% | points= 2400/8000 | acc=0.9503
[LERF-RANK] step 07/20 | masked= 35.0% | points= 2800/8000 | acc=0.9428
[LERF-RANK] step 08/20 | masked= 40.0% | points= 3200/8000 | acc=0.9247
[LERF-RANK] step 09/20 | masked= 45.0% | points= 3600/8000 | acc=0.8983
[LERF-RANK] step 10/20 | masked= 50.0% | points= 4000/8000 | acc=0.8563
[LERF-RANK] step 11/20 | masked= 55.0% | points= 4400/8000 | acc=0.7990
[LERF-RANK] step 12/20 | masked= 60.0% | points= 4800/8000 | acc=0.7403
[LERF-RANK] step 13/20 | masked= 65.0% | points= 5200/8000 | acc=0.6795
[LERF-RANK] step 14/20 | masked= 70.0% | points= 5600/8000 | acc=0.6183
[LERF-RANK] step 15/20 | masked= 75.0% | points= 6000/8000 | acc=0.5620
[LERF-RANK] step 16/20 | masked= 80.0% | points= 6400/8000 | acc=0.5095
[LERF-RANK] step 17/20 | masked= 85.0% | points= 6800/8000 | acc=0.4438
[LERF-RANK] step 18/20 | masked= 90.0% | points= 7200/8000 | acc=0.3598
[LERF-RANK] step 19/20 | masked= 95.0% | points= 7600/8000 | acc=0.2425
[LERF-RANK] step 20/20 | masked=100.0% | points= 8000/8000 | acc=0.1000
Saved to: /mnt/left/home/2025/tony/hsinyuan/AIM_audio/morf_lerf/audiomnist/audionet/zero
