[PGD] Using default eps for (audionet x audiomnist) = 0.045
[DATA] dataset=audiomnist X_wave=(6000, 8000) y=(6000,)
[MODEL] loading ckpt: /mnt/left/home/2025/tony/hsinyuan/AIM_audio/experiment_utils/checkpoints/audiomnist/audionet/best_model.pth
[EXPL] loading: /mnt/left/home/2025/tony/hsinyuan/AIM_audio/expl_audiomnist/audionet/vargrad.npy
[EXPL] saliency: (6000, 8000)
[ORDER] Loading cached orders from /mnt/left/home/2025/tony/hsinyuan/AIM_audio/morf_lerf/_cache/audiomnist/audionet/orders/vargrad_desc.npy
[PGD] Loading cached PGD from /mnt/left/home/2025/tony/hsinyuan/AIM_audio/morf_lerf/_cache/audiomnist/audionet/pgd/nofold/pgd_eps0.045_steps20.npy
[MORF-RANK] step 00/20 | masked=  0.0% | points=    0/8000 | acc=0.9568
[MORF-RANK] step 01/20 | masked=  5.0% | points=  400/8000 | acc=0.9212
[MORF-RANK] step 02/20 | masked= 10.0% | points=  800/8000 | acc=0.8398
[MORF-RANK] step 03/20 | masked= 15.0% | points= 1200/8000 | acc=0.7235
[MORF-RANK] step 04/20 | masked= 20.0% | points= 1600/8000 | acc=0.6447
[MORF-RANK] step 05/20 | masked= 25.0% | points= 2000/8000 | acc=0.6005
[MORF-RANK] step 06/20 | masked= 30.0% | points= 2400/8000 | acc=0.5618
[MORF-RANK] step 07/20 | masked= 35.0% | points= 2800/8000 | acc=0.5270
[MORF-RANK] step 08/20 | masked= 40.0% | points= 3200/8000 | acc=0.4940
[MORF-RANK] step 09/20 | masked= 45.0% | points= 3600/8000 | acc=0.4622
[MORF-RANK] step 10/20 | masked= 50.0% | points= 4000/8000 | acc=0.4315
[MORF-RANK] step 11/20 | masked= 55.0% | points= 4400/8000 | acc=0.3948
[MORF-RANK] step 12/20 | masked= 60.0% | points= 4800/8000 | acc=0.3563
[MORF-RANK] step 13/20 | masked= 65.0% | points= 5200/8000 | acc=0.3143
[MORF-RANK] step 14/20 | masked= 70.0% | points= 5600/8000 | acc=0.2668
[MORF-RANK] step 15/20 | masked= 75.0% | points= 6000/8000 | acc=0.2302
[MORF-RANK] step 16/20 | masked= 80.0% | points= 6400/8000 | acc=0.1945
[MORF-RANK] step 17/20 | masked= 85.0% | points= 6800/8000 | acc=0.1667
[MORF-RANK] step 18/20 | masked= 90.0% | points= 7200/8000 | acc=0.1435
[MORF-RANK] step 19/20 | masked= 95.0% | points= 7600/8000 | acc=0.1295
[MORF-RANK] step 20/20 | masked=100.0% | points= 8000/8000 | acc=0.1188
[LERF-RANK] step 00/20 | masked=  0.0% | points=    0/8000 | acc=0.9568
[LERF-RANK] step 01/20 | masked=  5.0% | points=  400/8000 | acc=0.9463
[LERF-RANK] step 02/20 | masked= 10.0% | points=  800/8000 | acc=0.9277
[LERF-RANK] step 03/20 | masked= 15.0% | points= 1200/8000 | acc=0.8950
[LERF-RANK] step 04/20 | masked= 20.0% | points= 1600/8000 | acc=0.8442
[LERF-RANK] step 05/20 | masked= 25.0% | points= 2000/8000 | acc=0.7780
[LERF-RANK] step 06/20 | masked= 30.0% | points= 2400/8000 | acc=0.7067
[LERF-RANK] step 07/20 | masked= 35.0% | points= 2800/8000 | acc=0.6238
[LERF-RANK] step 08/20 | masked= 40.0% | points= 3200/8000 | acc=0.5457
[LERF-RANK] step 09/20 | masked= 45.0% | points= 3600/8000 | acc=0.4748
[LERF-RANK] step 10/20 | masked= 50.0% | points= 4000/8000 | acc=0.4125
[LERF-RANK] step 11/20 | masked= 55.0% | points= 4400/8000 | acc=0.3525
[LERF-RANK] step 12/20 | masked= 60.0% | points= 4800/8000 | acc=0.2993
[LERF-RANK] step 13/20 | masked= 65.0% | points= 5200/8000 | acc=0.2605
[LERF-RANK] step 14/20 | masked= 70.0% | points= 5600/8000 | acc=0.2317
[LERF-RANK] step 15/20 | masked= 75.0% | points= 6000/8000 | acc=0.2027
[LERF-RANK] step 16/20 | masked= 80.0% | points= 6400/8000 | acc=0.1785
[LERF-RANK] step 17/20 | masked= 85.0% | points= 6800/8000 | acc=0.1530
[LERF-RANK] step 18/20 | masked= 90.0% | points= 7200/8000 | acc=0.1405
[LERF-RANK] step 19/20 | masked= 95.0% | points= 7600/8000 | acc=0.1297
[LERF-RANK] step 20/20 | masked=100.0% | points= 8000/8000 | acc=0.1188
Saved to: /mnt/left/home/2025/tony/hsinyuan/AIM_audio/morf_lerf/audiomnist/audionet/pgd
