[DATA] dataset=audiomnist X_wave=(6000, 8000) y=(6000,)
[MODEL] loading ckpt: /mnt/left/home/2025/tony/hsinyuan/AIM_audio/experiment_utils/checkpoints/audiomnist/audionet/best_model.pth
[EXPL] loading: /mnt/left/home/2025/tony/hsinyuan/AIM_audio/expl_audiomnist/audionet/gradinput_abs.npy
[EXPL] saliency: (6000, 8000)
[ORDER] Computing per-sample ranking (desc)...
[ORDER] Saved to /mnt/left/home/2025/tony/hsinyuan/AIM_audio/morf_lerf/_cache/audiomnist/audionet/orders/gradinput_abs_desc.npy
[MORF-RANK] step 00/20 | masked=  0.0% | points=    0/8000 | acc=0.9568
[MORF-RANK] step 01/20 | masked=  5.0% | points=  400/8000 | acc=0.4490
[MORF-RANK] step 02/20 | masked= 10.0% | points=  800/8000 | acc=0.3532
[MORF-RANK] step 03/20 | masked= 15.0% | points= 1200/8000 | acc=0.2987
[MORF-RANK] step 04/20 | masked= 20.0% | points= 1600/8000 | acc=0.2462
[MORF-RANK] step 05/20 | masked= 25.0% | points= 2000/8000 | acc=0.1928
[MORF-RANK] step 06/20 | masked= 30.0% | points= 2400/8000 | acc=0.1585
[MORF-RANK] step 07/20 | masked= 35.0% | points= 2800/8000 | acc=0.1360
[MORF-RANK] step 08/20 | masked= 40.0% | points= 3200/8000 | acc=0.1280
[MORF-RANK] step 09/20 | masked= 45.0% | points= 3600/8000 | acc=0.1350
[MORF-RANK] step 10/20 | masked= 50.0% | points= 4000/8000 | acc=0.1593
[MORF-RANK] step 11/20 | masked= 55.0% | points= 4400/8000 | acc=0.1878
[MORF-RANK] step 12/20 | masked= 60.0% | points= 4800/8000 | acc=0.1845
[MORF-RANK] step 13/20 | masked= 65.0% | points= 5200/8000 | acc=0.1713
[MORF-RANK] step 14/20 | masked= 70.0% | points= 5600/8000 | acc=0.1435
[MORF-RANK] step 15/20 | masked= 75.0% | points= 6000/8000 | acc=0.1240
[MORF-RANK] step 16/20 | masked= 80.0% | points= 6400/8000 | acc=0.1107
[MORF-RANK] step 17/20 | masked= 85.0% | points= 6800/8000 | acc=0.1048
[MORF-RANK] step 18/20 | masked= 90.0% | points= 7200/8000 | acc=0.1013
[MORF-RANK] step 19/20 | masked= 95.0% | points= 7600/8000 | acc=0.1000
[MORF-RANK] step 20/20 | masked=100.0% | points= 8000/8000 | acc=0.1000
[LERF-RANK] step 00/20 | masked=  0.0% | points=    0/8000 | acc=0.9568
[LERF-RANK] step 01/20 | masked=  5.0% | points=  400/8000 | acc=0.9568
[LERF-RANK] step 02/20 | masked= 10.0% | points=  800/8000 | acc=0.9565
[LERF-RANK] step 03/20 | masked= 15.0% | points= 1200/8000 | acc=0.9563
[LERF-RANK] step 04/20 | masked= 20.0% | points= 1600/8000 | acc=0.9557
[LERF-RANK] step 05/20 | masked= 25.0% | points= 2000/8000 | acc=0.9532
[LERF-RANK] step 06/20 | masked= 30.0% | points= 2400/8000 | acc=0.9498
[LERF-RANK] step 07/20 | masked= 35.0% | points= 2800/8000 | acc=0.9442
[LERF-RANK] step 08/20 | masked= 40.0% | points= 3200/8000 | acc=0.9250
[LERF-RANK] step 09/20 | masked= 45.0% | points= 3600/8000 | acc=0.9000
[LERF-RANK] step 10/20 | masked= 50.0% | points= 4000/8000 | acc=0.8570
[LERF-RANK] step 11/20 | masked= 55.0% | points= 4400/8000 | acc=0.8003
[LERF-RANK] step 12/20 | masked= 60.0% | points= 4800/8000 | acc=0.7402
[LERF-RANK] step 13/20 | masked= 65.0% | points= 5200/8000 | acc=0.6787
[LERF-RANK] step 14/20 | masked= 70.0% | points= 5600/8000 | acc=0.6163
[LERF-RANK] step 15/20 | masked= 75.0% | points= 6000/8000 | acc=0.5510
[LERF-RANK] step 16/20 | masked= 80.0% | points= 6400/8000 | acc=0.4875
[LERF-RANK] step 17/20 | masked= 85.0% | points= 6800/8000 | acc=0.4190
[LERF-RANK] step 18/20 | masked= 90.0% | points= 7200/8000 | acc=0.3322
[LERF-RANK] step 19/20 | masked= 95.0% | points= 7600/8000 | acc=0.2162
[LERF-RANK] step 20/20 | masked=100.0% | points= 8000/8000 | acc=0.1000
Saved to: /mnt/left/home/2025/tony/hsinyuan/AIM_audio/morf_lerf/audiomnist/audionet/zero
