[DATA] dataset=esc50 X_wave=(400, 160000) y=(400,)
[MODEL] loading ckpt: /mnt/left/home/2025/tony/hsinyuan/AIM_audio/experiment_utils/checkpoints/esc50/audionet/fold_1/best_model.pth
[EXPL] loading: /mnt/left/home/2025/tony/hsinyuan/AIM_audio/expl_esc50/audionet/fold_1/smoothgrad_sq.npy
[EXPL] saliency: (400, 160000)
[ORDER] Computing per-sample ranking (desc)...
[ORDER] Saved to /mnt/left/home/2025/tony/hsinyuan/AIM_audio/morf_lerf/_cache/esc50/audionet/orders/smoothgrad_sq_desc.npy
[MORF-RANK] step 00/20 | masked=  0.0% | points=    0/160000 | acc=0.4950
[MORF-RANK] step 01/20 | masked=  5.0% | points= 8000/160000 | acc=0.3350
[MORF-RANK] step 02/20 | masked= 10.0% | points=16000/160000 | acc=0.2825
[MORF-RANK] step 03/20 | masked= 15.0% | points=24000/160000 | acc=0.2300
[MORF-RANK] step 04/20 | masked= 20.0% | points=32000/160000 | acc=0.2150
[MORF-RANK] step 05/20 | masked= 25.0% | points=40000/160000 | acc=0.1900
[MORF-RANK] step 06/20 | masked= 30.0% | points=48000/160000 | acc=0.1750
[MORF-RANK] step 07/20 | masked= 35.0% | points=56000/160000 | acc=0.1625
[MORF-RANK] step 08/20 | masked= 40.0% | points=64000/160000 | acc=0.1550
[MORF-RANK] step 09/20 | masked= 45.0% | points=72000/160000 | acc=0.1500
[MORF-RANK] step 10/20 | masked= 50.0% | points=80000/160000 | acc=0.1300
[MORF-RANK] step 11/20 | masked= 55.0% | points=88000/160000 | acc=0.1200
[MORF-RANK] step 12/20 | masked= 60.0% | points=96000/160000 | acc=0.1150
[MORF-RANK] step 13/20 | masked= 65.0% | points=104000/160000 | acc=0.0975
[MORF-RANK] step 14/20 | masked= 70.0% | points=112000/160000 | acc=0.0900
[MORF-RANK] step 15/20 | masked= 75.0% | points=120000/160000 | acc=0.0850
[MORF-RANK] step 16/20 | masked= 80.0% | points=128000/160000 | acc=0.0750
[MORF-RANK] step 17/20 | masked= 85.0% | points=136000/160000 | acc=0.0675
[MORF-RANK] step 18/20 | masked= 90.0% | points=144000/160000 | acc=0.0650
[MORF-RANK] step 19/20 | masked= 95.0% | points=152000/160000 | acc=0.0475
[MORF-RANK] step 20/20 | masked=100.0% | points=160000/160000 | acc=0.0200
[LERF-RANK] step 00/20 | masked=  0.0% | points=    0/160000 | acc=0.4950
[LERF-RANK] step 01/20 | masked=  5.0% | points= 8000/160000 | acc=0.4200
[LERF-RANK] step 02/20 | masked= 10.0% | points=16000/160000 | acc=0.3850
[LERF-RANK] step 03/20 | masked= 15.0% | points=24000/160000 | acc=0.3625
[LERF-RANK] step 04/20 | masked= 20.0% | points=32000/160000 | acc=0.3475
[LERF-RANK] step 05/20 | masked= 25.0% | points=40000/160000 | acc=0.3150
[LERF-RANK] step 06/20 | masked= 30.0% | points=48000/160000 | acc=0.2850
[LERF-RANK] step 07/20 | masked= 35.0% | points=56000/160000 | acc=0.2700
[LERF-RANK] step 08/20 | masked= 40.0% | points=64000/160000 | acc=0.2475
[LERF-RANK] step 09/20 | masked= 45.0% | points=72000/160000 | acc=0.2400
[LERF-RANK] step 10/20 | masked= 50.0% | points=80000/160000 | acc=0.2175
[LERF-RANK] step 11/20 | masked= 55.0% | points=88000/160000 | acc=0.2000
[LERF-RANK] step 12/20 | masked= 60.0% | points=96000/160000 | acc=0.1875
[LERF-RANK] step 13/20 | masked= 65.0% | points=104000/160000 | acc=0.1850
[LERF-RANK] step 14/20 | masked= 70.0% | points=112000/160000 | acc=0.1750
[LERF-RANK] step 15/20 | masked= 75.0% | points=120000/160000 | acc=0.1675
[LERF-RANK] step 16/20 | masked= 80.0% | points=128000/160000 | acc=0.1575
[LERF-RANK] step 17/20 | masked= 85.0% | points=136000/160000 | acc=0.1325
[LERF-RANK] step 18/20 | masked= 90.0% | points=144000/160000 | acc=0.1150
[LERF-RANK] step 19/20 | masked= 95.0% | points=152000/160000 | acc=0.0625
[LERF-RANK] step 20/20 | masked=100.0% | points=160000/160000 | acc=0.0200
Saved to: /mnt/left/home/2025/tony/hsinyuan/AIM_audio/morf_lerf/esc50/audionet/zero/fold_1
