[DATA] dataset=msos X_wave=(500, 160000) y=(500,)
[MODEL] loading ckpt: /mnt/left/home/2025/tony/hsinyuan/AIM_audio/experiment_utils/checkpoints/msos/audionet/best_model.pth
[EXPL] loading: /mnt/left/home/2025/tony/hsinyuan/AIM_audio/expl_msos/audionet/integrad_abs.npy
[EXPL] saliency: (500, 160000)
[ORDER] Loading cached orders from /mnt/left/home/2025/tony/hsinyuan/AIM_audio/morf_lerf/_cache/msos/audionet/orders/integrad_abs_desc.npy
[MORF-RANK] step 00/20 | masked=  0.0% | points=    0/160000 | acc=0.6500
[MORF-RANK] step 01/20 | masked=  5.0% | points= 8000/160000 | acc=0.3720
[MORF-RANK] step 02/20 | masked= 10.0% | points=16000/160000 | acc=0.3300
[MORF-RANK] step 03/20 | masked= 15.0% | points=24000/160000 | acc=0.3200
[MORF-RANK] step 04/20 | masked= 20.0% | points=32000/160000 | acc=0.3200
[MORF-RANK] step 05/20 | masked= 25.0% | points=40000/160000 | acc=0.3020
[MORF-RANK] step 06/20 | masked= 30.0% | points=48000/160000 | acc=0.3200
[MORF-RANK] step 07/20 | masked= 35.0% | points=56000/160000 | acc=0.3220
[MORF-RANK] step 08/20 | masked= 40.0% | points=64000/160000 | acc=0.3080
[MORF-RANK] step 09/20 | masked= 45.0% | points=72000/160000 | acc=0.3000
[MORF-RANK] step 10/20 | masked= 50.0% | points=80000/160000 | acc=0.2900
[MORF-RANK] step 11/20 | masked= 55.0% | points=88000/160000 | acc=0.2720
[MORF-RANK] step 12/20 | masked= 60.0% | points=96000/160000 | acc=0.2720
[MORF-RANK] step 13/20 | masked= 65.0% | points=104000/160000 | acc=0.2720
[MORF-RANK] step 14/20 | masked= 70.0% | points=112000/160000 | acc=0.2580
[MORF-RANK] step 15/20 | masked= 75.0% | points=120000/160000 | acc=0.2500
[MORF-RANK] step 16/20 | masked= 80.0% | points=128000/160000 | acc=0.2500
[MORF-RANK] step 17/20 | masked= 85.0% | points=136000/160000 | acc=0.2340
[MORF-RANK] step 18/20 | masked= 90.0% | points=144000/160000 | acc=0.2320
[MORF-RANK] step 19/20 | masked= 95.0% | points=152000/160000 | acc=0.2260
[MORF-RANK] step 20/20 | masked=100.0% | points=160000/160000 | acc=0.2360
[LERF-RANK] step 00/20 | masked=  0.0% | points=    0/160000 | acc=0.6500
[LERF-RANK] step 01/20 | masked=  5.0% | points= 8000/160000 | acc=0.5580
[LERF-RANK] step 02/20 | masked= 10.0% | points=16000/160000 | acc=0.5260
[LERF-RANK] step 03/20 | masked= 15.0% | points=24000/160000 | acc=0.4880
[LERF-RANK] step 04/20 | masked= 20.0% | points=32000/160000 | acc=0.4640
[LERF-RANK] step 05/20 | masked= 25.0% | points=40000/160000 | acc=0.4540
[LERF-RANK] step 06/20 | masked= 30.0% | points=48000/160000 | acc=0.4360
[LERF-RANK] step 07/20 | masked= 35.0% | points=56000/160000 | acc=0.4200
[LERF-RANK] step 08/20 | masked= 40.0% | points=64000/160000 | acc=0.4080
[LERF-RANK] step 09/20 | masked= 45.0% | points=72000/160000 | acc=0.4020
[LERF-RANK] step 10/20 | masked= 50.0% | points=80000/160000 | acc=0.3960
[LERF-RANK] step 11/20 | masked= 55.0% | points=88000/160000 | acc=0.3840
[LERF-RANK] step 12/20 | masked= 60.0% | points=96000/160000 | acc=0.3820
[LERF-RANK] step 13/20 | masked= 65.0% | points=104000/160000 | acc=0.3700
[LERF-RANK] step 14/20 | masked= 70.0% | points=112000/160000 | acc=0.3580
[LERF-RANK] step 15/20 | masked= 75.0% | points=120000/160000 | acc=0.3440
[LERF-RANK] step 16/20 | masked= 80.0% | points=128000/160000 | acc=0.3260
[LERF-RANK] step 17/20 | masked= 85.0% | points=136000/160000 | acc=0.3000
[LERF-RANK] step 18/20 | masked= 90.0% | points=144000/160000 | acc=0.2960
[LERF-RANK] step 19/20 | masked= 95.0% | points=152000/160000 | acc=0.2640
[LERF-RANK] step 20/20 | masked=100.0% | points=160000/160000 | acc=0.2260
Saved to: /mnt/left/home/2025/tony/hsinyuan/AIM_audio/morf_lerf/msos/audionet/road
