[DATA] dataset=audiomnist X_wave=(6000, 8000) y=(6000,)
[MODEL] loading ckpt: /mnt/left/home/2025/tony/hsinyuan/AIM_audio/experiment_utils/checkpoints/audiomnist/audionet/best_model.pth
[EXPL] loading: /mnt/left/home/2025/tony/hsinyuan/AIM_audio/expl_audiomnist/audionet/gradinput.npy
[EXPL] saliency: (6000, 8000)
[MORF-INTERVAL] step 00/20 | masked=  0.0% | L=    0/8000 | acc=0.9568
[MORF-INTERVAL] step 01/20 | masked=  5.0% | L=  400/8000 | acc=0.9153
[MORF-INTERVAL] step 02/20 | masked= 10.0% | L=  800/8000 | acc=0.8263
[MORF-INTERVAL] step 03/20 | masked= 15.0% | L= 1200/8000 | acc=0.7248
[MORF-INTERVAL] step 04/20 | masked= 20.0% | L= 1600/8000 | acc=0.6247
[MORF-INTERVAL] step 05/20 | masked= 25.0% | L= 2000/8000 | acc=0.5300
[MORF-INTERVAL] step 06/20 | masked= 30.0% | L= 2400/8000 | acc=0.4512
[MORF-INTERVAL] step 07/20 | masked= 35.0% | L= 2800/8000 | acc=0.3802
[MORF-INTERVAL] step 08/20 | masked= 40.0% | L= 3200/8000 | acc=0.3300
[MORF-INTERVAL] step 09/20 | masked= 45.0% | L= 3600/8000 | acc=0.2968
[MORF-INTERVAL] step 10/20 | masked= 50.0% | L= 4000/8000 | acc=0.2650
[MORF-INTERVAL] step 11/20 | masked= 55.0% | L= 4400/8000 | acc=0.2415
[MORF-INTERVAL] step 12/20 | masked= 60.0% | L= 4800/8000 | acc=0.2148
[MORF-INTERVAL] step 13/20 | masked= 65.0% | L= 5200/8000 | acc=0.1843
[MORF-INTERVAL] step 14/20 | masked= 70.0% | L= 5600/8000 | acc=0.1460
[MORF-INTERVAL] step 15/20 | masked= 75.0% | L= 6000/8000 | acc=0.1163
[MORF-INTERVAL] step 16/20 | masked= 80.0% | L= 6400/8000 | acc=0.1035
[MORF-INTERVAL] step 17/20 | masked= 85.0% | L= 6800/8000 | acc=0.0990
[MORF-INTERVAL] step 18/20 | masked= 90.0% | L= 7200/8000 | acc=0.1085
[MORF-INTERVAL] step 19/20 | masked= 95.0% | L= 7600/8000 | acc=0.1187
[MORF-INTERVAL] step 20/20 | masked=100.0% | L= 8000/8000 | acc=0.1213
[LERF-INTERVAL] step 00/20 | masked=  0.0% | L=    0/8000 | acc=0.9568
[LERF-INTERVAL] step 01/20 | masked=  5.0% | L=  400/8000 | acc=0.9605
[LERF-INTERVAL] step 02/20 | masked= 10.0% | L=  800/8000 | acc=0.9450
[LERF-INTERVAL] step 03/20 | masked= 15.0% | L= 1200/8000 | acc=0.9285
[LERF-INTERVAL] step 04/20 | masked= 20.0% | L= 1600/8000 | acc=0.8887
[LERF-INTERVAL] step 05/20 | masked= 25.0% | L= 2000/8000 | acc=0.8532
[LERF-INTERVAL] step 06/20 | masked= 30.0% | L= 2400/8000 | acc=0.8163
[LERF-INTERVAL] step 07/20 | masked= 35.0% | L= 2800/8000 | acc=0.7913
[LERF-INTERVAL] step 08/20 | masked= 40.0% | L= 3200/8000 | acc=0.7655
[LERF-INTERVAL] step 09/20 | masked= 45.0% | L= 3600/8000 | acc=0.7307
[LERF-INTERVAL] step 10/20 | masked= 50.0% | L= 4000/8000 | acc=0.6887
[LERF-INTERVAL] step 11/20 | masked= 55.0% | L= 4400/8000 | acc=0.6160
[LERF-INTERVAL] step 12/20 | masked= 60.0% | L= 4800/8000 | acc=0.5068
[LERF-INTERVAL] step 13/20 | masked= 65.0% | L= 5200/8000 | acc=0.3895
[LERF-INTERVAL] step 14/20 | masked= 70.0% | L= 5600/8000 | acc=0.2792
[LERF-INTERVAL] step 15/20 | masked= 75.0% | L= 6000/8000 | acc=0.1988
[LERF-INTERVAL] step 16/20 | masked= 80.0% | L= 6400/8000 | acc=0.1515
[LERF-INTERVAL] step 17/20 | masked= 85.0% | L= 6800/8000 | acc=0.1292
[LERF-INTERVAL] step 18/20 | masked= 90.0% | L= 7200/8000 | acc=0.1232
[LERF-INTERVAL] step 19/20 | masked= 95.0% | L= 7600/8000 | acc=0.1178
[LERF-INTERVAL] step 20/20 | masked=100.0% | L= 8000/8000 | acc=0.1213
Saved to: /mnt/left/home/2025/tony/hsinyuan/AIM_audio/morf_lerf_interval/audiomnist/audionet/road
