[DATA] dataset=audiomnist X_wave=(6000, 8000) y=(6000,)
[MODEL] loading ckpt: /mnt/left/home/2025/tony/hsinyuan/AIM_audio/experiment_utils/checkpoints/audiomnist/audionet/best_model.pth
[EXPL] loading: /mnt/left/home/2025/tony/hsinyuan/AIM_audio/expl_audiomnist/audionet/gradient_abs.npy
[EXPL] saliency: (6000, 8000)
[MORF-INTERVAL] step 00/20 | masked=  0.0% | L=    0/8000 | acc=0.9568
[MORF-INTERVAL] step 01/20 | masked=  5.0% | L=  400/8000 | acc=0.9385
[MORF-INTERVAL] step 02/20 | masked= 10.0% | L=  800/8000 | acc=0.9077
[MORF-INTERVAL] step 03/20 | masked= 15.0% | L= 1200/8000 | acc=0.8658
[MORF-INTERVAL] step 04/20 | masked= 20.0% | L= 1600/8000 | acc=0.7960
[MORF-INTERVAL] step 05/20 | masked= 25.0% | L= 2000/8000 | acc=0.6985
[MORF-INTERVAL] step 06/20 | masked= 30.0% | L= 2400/8000 | acc=0.6093
[MORF-INTERVAL] step 07/20 | masked= 35.0% | L= 2800/8000 | acc=0.5208
[MORF-INTERVAL] step 08/20 | masked= 40.0% | L= 3200/8000 | acc=0.4273
[MORF-INTERVAL] step 09/20 | masked= 45.0% | L= 3600/8000 | acc=0.3342
[MORF-INTERVAL] step 10/20 | masked= 50.0% | L= 4000/8000 | acc=0.2672
[MORF-INTERVAL] step 11/20 | masked= 55.0% | L= 4400/8000 | acc=0.2147
[MORF-INTERVAL] step 12/20 | masked= 60.0% | L= 4800/8000 | acc=0.1772
[MORF-INTERVAL] step 13/20 | masked= 65.0% | L= 5200/8000 | acc=0.1488
[MORF-INTERVAL] step 14/20 | masked= 70.0% | L= 5600/8000 | acc=0.1268
[MORF-INTERVAL] step 15/20 | masked= 75.0% | L= 6000/8000 | acc=0.1085
[MORF-INTERVAL] step 16/20 | masked= 80.0% | L= 6400/8000 | acc=0.1000
[MORF-INTERVAL] step 17/20 | masked= 85.0% | L= 6800/8000 | acc=0.1052
[MORF-INTERVAL] step 18/20 | masked= 90.0% | L= 7200/8000 | acc=0.1108
[MORF-INTERVAL] step 19/20 | masked= 95.0% | L= 7600/8000 | acc=0.1177
[MORF-INTERVAL] step 20/20 | masked=100.0% | L= 8000/8000 | acc=0.1213
[LERF-INTERVAL] step 00/20 | masked=  0.0% | L=    0/8000 | acc=0.9568
[LERF-INTERVAL] step 01/20 | masked=  5.0% | L=  400/8000 | acc=0.9597
[LERF-INTERVAL] step 02/20 | masked= 10.0% | L=  800/8000 | acc=0.9435
[LERF-INTERVAL] step 03/20 | masked= 15.0% | L= 1200/8000 | acc=0.9187
[LERF-INTERVAL] step 04/20 | masked= 20.0% | L= 1600/8000 | acc=0.8710
[LERF-INTERVAL] step 05/20 | masked= 25.0% | L= 2000/8000 | acc=0.8288
[LERF-INTERVAL] step 06/20 | masked= 30.0% | L= 2400/8000 | acc=0.7937
[LERF-INTERVAL] step 07/20 | masked= 35.0% | L= 2800/8000 | acc=0.7533
[LERF-INTERVAL] step 08/20 | masked= 40.0% | L= 3200/8000 | acc=0.7038
[LERF-INTERVAL] step 09/20 | masked= 45.0% | L= 3600/8000 | acc=0.6548
[LERF-INTERVAL] step 10/20 | masked= 50.0% | L= 4000/8000 | acc=0.5897
[LERF-INTERVAL] step 11/20 | masked= 55.0% | L= 4400/8000 | acc=0.5268
[LERF-INTERVAL] step 12/20 | masked= 60.0% | L= 4800/8000 | acc=0.4433
[LERF-INTERVAL] step 13/20 | masked= 65.0% | L= 5200/8000 | acc=0.3590
[LERF-INTERVAL] step 14/20 | masked= 70.0% | L= 5600/8000 | acc=0.2762
[LERF-INTERVAL] step 15/20 | masked= 75.0% | L= 6000/8000 | acc=0.2067
[LERF-INTERVAL] step 16/20 | masked= 80.0% | L= 6400/8000 | acc=0.1558
[LERF-INTERVAL] step 17/20 | masked= 85.0% | L= 6800/8000 | acc=0.1305
[LERF-INTERVAL] step 18/20 | masked= 90.0% | L= 7200/8000 | acc=0.1193
[LERF-INTERVAL] step 19/20 | masked= 95.0% | L= 7600/8000 | acc=0.1272
[LERF-INTERVAL] step 20/20 | masked=100.0% | L= 8000/8000 | acc=0.1213
Saved to: /mnt/left/home/2025/tony/hsinyuan/AIM_audio/morf_lerf_interval/audiomnist/audionet/road
