[PGD] Using default eps for (audionet x audiomnist) = 0.045
[DATA] dataset=audiomnist X_wave=(6000, 8000) y=(6000,)
[MODEL] loading ckpt: /mnt/left/home/2025/tony/hsinyuan/AIM_audio/experiment_utils/checkpoints/audiomnist/audionet/best_model.pth
[EXPL] loading: /mnt/left/home/2025/tony/hsinyuan/AIM_audio/expl_audiomnist/audionet/smoothgrad.npy
[EXPL] saliency: (6000, 8000)
[PGD] Loading cached PGD from /mnt/left/home/2025/tony/hsinyuan/AIM_audio/morf_lerf_interval/_cache/audiomnist/audionet/pgd/nofold/pgd_eps0.045_steps20.npy
[MORF-INTERVAL] step 00/20 | masked=  0.0% | L=    0/8000 | acc=0.9568
[MORF-INTERVAL] step 01/20 | masked=  5.0% | L=  400/8000 | acc=0.9153
[MORF-INTERVAL] step 02/20 | masked= 10.0% | L=  800/8000 | acc=0.8523
[MORF-INTERVAL] step 03/20 | masked= 15.0% | L= 1200/8000 | acc=0.7505
[MORF-INTERVAL] step 04/20 | masked= 20.0% | L= 1600/8000 | acc=0.6335
[MORF-INTERVAL] step 05/20 | masked= 25.0% | L= 2000/8000 | acc=0.5547
[MORF-INTERVAL] step 06/20 | masked= 30.0% | L= 2400/8000 | acc=0.4957
[MORF-INTERVAL] step 07/20 | masked= 35.0% | L= 2800/8000 | acc=0.4465
[MORF-INTERVAL] step 08/20 | masked= 40.0% | L= 3200/8000 | acc=0.3952
[MORF-INTERVAL] step 09/20 | masked= 45.0% | L= 3600/8000 | acc=0.3463
[MORF-INTERVAL] step 10/20 | masked= 50.0% | L= 4000/8000 | acc=0.3085
[MORF-INTERVAL] step 11/20 | masked= 55.0% | L= 4400/8000 | acc=0.2655
[MORF-INTERVAL] step 12/20 | masked= 60.0% | L= 4800/8000 | acc=0.2330
[MORF-INTERVAL] step 13/20 | masked= 65.0% | L= 5200/8000 | acc=0.2017
[MORF-INTERVAL] step 14/20 | masked= 70.0% | L= 5600/8000 | acc=0.1753
[MORF-INTERVAL] step 15/20 | masked= 75.0% | L= 6000/8000 | acc=0.1518
[MORF-INTERVAL] step 16/20 | masked= 80.0% | L= 6400/8000 | acc=0.1372
[MORF-INTERVAL] step 17/20 | masked= 85.0% | L= 6800/8000 | acc=0.1282
[MORF-INTERVAL] step 18/20 | masked= 90.0% | L= 7200/8000 | acc=0.1245
[MORF-INTERVAL] step 19/20 | masked= 95.0% | L= 7600/8000 | acc=0.1217
[MORF-INTERVAL] step 20/20 | masked=100.0% | L= 8000/8000 | acc=0.1188
[LERF-INTERVAL] step 00/20 | masked=  0.0% | L=    0/8000 | acc=0.9568
[LERF-INTERVAL] step 01/20 | masked=  5.0% | L=  400/8000 | acc=0.9343
[LERF-INTERVAL] step 02/20 | masked= 10.0% | L=  800/8000 | acc=0.9077
[LERF-INTERVAL] step 03/20 | masked= 15.0% | L= 1200/8000 | acc=0.8717
[LERF-INTERVAL] step 04/20 | masked= 20.0% | L= 1600/8000 | acc=0.8187
[LERF-INTERVAL] step 05/20 | masked= 25.0% | L= 2000/8000 | acc=0.7528
[LERF-INTERVAL] step 06/20 | masked= 30.0% | L= 2400/8000 | acc=0.6848
[LERF-INTERVAL] step 07/20 | masked= 35.0% | L= 2800/8000 | acc=0.6105
[LERF-INTERVAL] step 08/20 | masked= 40.0% | L= 3200/8000 | acc=0.5318
[LERF-INTERVAL] step 09/20 | masked= 45.0% | L= 3600/8000 | acc=0.4637
[LERF-INTERVAL] step 10/20 | masked= 50.0% | L= 4000/8000 | acc=0.3955
[LERF-INTERVAL] step 11/20 | masked= 55.0% | L= 4400/8000 | acc=0.3303
[LERF-INTERVAL] step 12/20 | masked= 60.0% | L= 4800/8000 | acc=0.2747
[LERF-INTERVAL] step 13/20 | masked= 65.0% | L= 5200/8000 | acc=0.2333
[LERF-INTERVAL] step 14/20 | masked= 70.0% | L= 5600/8000 | acc=0.2018
[LERF-INTERVAL] step 15/20 | masked= 75.0% | L= 6000/8000 | acc=0.1733
[LERF-INTERVAL] step 16/20 | masked= 80.0% | L= 6400/8000 | acc=0.1502
[LERF-INTERVAL] step 17/20 | masked= 85.0% | L= 6800/8000 | acc=0.1353
[LERF-INTERVAL] step 18/20 | masked= 90.0% | L= 7200/8000 | acc=0.1268
[LERF-INTERVAL] step 19/20 | masked= 95.0% | L= 7600/8000 | acc=0.1220
[LERF-INTERVAL] step 20/20 | masked=100.0% | L= 8000/8000 | acc=0.1188
Saved to: /mnt/left/home/2025/tony/hsinyuan/AIM_audio/morf_lerf_interval/audiomnist/audionet/pgd
