[DATA] dataset=msos X_wave=(500, 160000) y=(500,)
[MODEL] loading ckpt: /mnt/left/home/2025/tony/hsinyuan/AIM_audio/experiment_utils/checkpoints/msos/audionet/best_model.pth
[EXPL] loading: /mnt/left/home/2025/tony/hsinyuan/AIM_audio/expl_msos/audionet/integrad_abs.npy
[EXPL] saliency: (500, 160000)
[MORF-INTERVAL] step 00/20 | masked=  0.0% | L=    0/160000 | acc=0.6500
[MORF-INTERVAL] step 01/20 | masked=  5.0% | L= 8000/160000 | acc=0.6280
[MORF-INTERVAL] step 02/20 | masked= 10.0% | L=16000/160000 | acc=0.6120
[MORF-INTERVAL] step 03/20 | masked= 15.0% | L=24000/160000 | acc=0.5960
[MORF-INTERVAL] step 04/20 | masked= 20.0% | L=32000/160000 | acc=0.5920
[MORF-INTERVAL] step 05/20 | masked= 25.0% | L=40000/160000 | acc=0.5640
[MORF-INTERVAL] step 06/20 | masked= 30.0% | L=48000/160000 | acc=0.5540
[MORF-INTERVAL] step 07/20 | masked= 35.0% | L=56000/160000 | acc=0.4980
[MORF-INTERVAL] step 08/20 | masked= 40.0% | L=64000/160000 | acc=0.4960
[MORF-INTERVAL] step 09/20 | masked= 45.0% | L=72000/160000 | acc=0.4780
[MORF-INTERVAL] step 10/20 | masked= 50.0% | L=80000/160000 | acc=0.4580
[MORF-INTERVAL] step 11/20 | masked= 55.0% | L=88000/160000 | acc=0.4300
[MORF-INTERVAL] step 12/20 | masked= 60.0% | L=96000/160000 | acc=0.4120
[MORF-INTERVAL] step 13/20 | masked= 65.0% | L=104000/160000 | acc=0.3920
[MORF-INTERVAL] step 14/20 | masked= 70.0% | L=112000/160000 | acc=0.3800
[MORF-INTERVAL] step 15/20 | masked= 75.0% | L=120000/160000 | acc=0.3580
[MORF-INTERVAL] step 16/20 | masked= 80.0% | L=128000/160000 | acc=0.3420
[MORF-INTERVAL] step 17/20 | masked= 85.0% | L=136000/160000 | acc=0.3160
[MORF-INTERVAL] step 18/20 | masked= 90.0% | L=144000/160000 | acc=0.2920
[MORF-INTERVAL] step 19/20 | masked= 95.0% | L=152000/160000 | acc=0.2680
[MORF-INTERVAL] step 20/20 | masked=100.0% | L=160000/160000 | acc=0.2480
[LERF-INTERVAL] step 00/20 | masked=  0.0% | L=    0/160000 | acc=0.6500
[LERF-INTERVAL] step 01/20 | masked=  5.0% | L= 8000/160000 | acc=0.6440
[LERF-INTERVAL] step 02/20 | masked= 10.0% | L=16000/160000 | acc=0.6440
[LERF-INTERVAL] step 03/20 | masked= 15.0% | L=24000/160000 | acc=0.6380
[LERF-INTERVAL] step 04/20 | masked= 20.0% | L=32000/160000 | acc=0.6200
[LERF-INTERVAL] step 05/20 | masked= 25.0% | L=40000/160000 | acc=0.6200
[LERF-INTERVAL] step 06/20 | masked= 30.0% | L=48000/160000 | acc=0.6040
[LERF-INTERVAL] step 07/20 | masked= 35.0% | L=56000/160000 | acc=0.5840
[LERF-INTERVAL] step 08/20 | masked= 40.0% | L=64000/160000 | acc=0.5680
[LERF-INTERVAL] step 09/20 | masked= 45.0% | L=72000/160000 | acc=0.5660
[LERF-INTERVAL] step 10/20 | masked= 50.0% | L=80000/160000 | acc=0.5420
[LERF-INTERVAL] step 11/20 | masked= 55.0% | L=88000/160000 | acc=0.5260
[LERF-INTERVAL] step 12/20 | masked= 60.0% | L=96000/160000 | acc=0.5340
[LERF-INTERVAL] step 13/20 | masked= 65.0% | L=104000/160000 | acc=0.5140
[LERF-INTERVAL] step 14/20 | masked= 70.0% | L=112000/160000 | acc=0.4920
[LERF-INTERVAL] step 15/20 | masked= 75.0% | L=120000/160000 | acc=0.4620
[LERF-INTERVAL] step 16/20 | masked= 80.0% | L=128000/160000 | acc=0.4460
[LERF-INTERVAL] step 17/20 | masked= 85.0% | L=136000/160000 | acc=0.3960
[LERF-INTERVAL] step 18/20 | masked= 90.0% | L=144000/160000 | acc=0.3680
[LERF-INTERVAL] step 19/20 | masked= 95.0% | L=152000/160000 | acc=0.2960
[LERF-INTERVAL] step 20/20 | masked=100.0% | L=160000/160000 | acc=0.2480
Saved to: /mnt/left/home/2025/tony/hsinyuan/AIM_audio/morf_lerf_interval/msos/audionet/road
