[DATA] dataset=audiomnist X_wave=(6000, 8000) y=(6000,)
[MODEL] loading ckpt: /mnt/left/home/2025/tony/hsinyuan/AIM_audio/experiment_utils/checkpoints/audiomnist/res1dnet31/best_model.pth
[EXPL] loading: /mnt/left/home/2025/tony/hsinyuan/AIM_audio/expl_audiomnist/res1dnet31/integrad_abs.npy
[EXPL] saliency: (6000, 8000)
[ORDER] Loading cached orders from /mnt/left/home/2025/tony/hsinyuan/AIM_audio/morf_lerf/_cache/audiomnist/res1dnet31/orders/integrad_abs_desc.npy
[MORF-RANK] step 00/20 | masked=  0.0% | points=    0/8000 | acc=0.9807
[MORF-RANK] step 01/20 | masked=  5.0% | points=  400/8000 | acc=0.6080
[MORF-RANK] step 02/20 | masked= 10.0% | points=  800/8000 | acc=0.3835
[MORF-RANK] step 03/20 | masked= 15.0% | points= 1200/8000 | acc=0.2618
[MORF-RANK] step 04/20 | masked= 20.0% | points= 1600/8000 | acc=0.1762
[MORF-RANK] step 05/20 | masked= 25.0% | points= 2000/8000 | acc=0.1350
[MORF-RANK] step 06/20 | masked= 30.0% | points= 2400/8000 | acc=0.1142
[MORF-RANK] step 07/20 | masked= 35.0% | points= 2800/8000 | acc=0.1130
[MORF-RANK] step 08/20 | masked= 40.0% | points= 3200/8000 | acc=0.1238
[MORF-RANK] step 09/20 | masked= 45.0% | points= 3600/8000 | acc=0.1270
[MORF-RANK] step 10/20 | masked= 50.0% | points= 4000/8000 | acc=0.1170
[MORF-RANK] step 11/20 | masked= 55.0% | points= 4400/8000 | acc=0.1102
[MORF-RANK] step 12/20 | masked= 60.0% | points= 4800/8000 | acc=0.1137
[MORF-RANK] step 13/20 | masked= 65.0% | points= 5200/8000 | acc=0.1280
[MORF-RANK] step 14/20 | masked= 70.0% | points= 5600/8000 | acc=0.1343
[MORF-RANK] step 15/20 | masked= 75.0% | points= 6000/8000 | acc=0.1457
[MORF-RANK] step 16/20 | masked= 80.0% | points= 6400/8000 | acc=0.1463
[MORF-RANK] step 17/20 | masked= 85.0% | points= 6800/8000 | acc=0.1537
[MORF-RANK] step 18/20 | masked= 90.0% | points= 7200/8000 | acc=0.1548
[MORF-RANK] step 19/20 | masked= 95.0% | points= 7600/8000 | acc=0.1638
[MORF-RANK] step 20/20 | masked=100.0% | points= 8000/8000 | acc=0.1520
[LERF-RANK] step 00/20 | masked=  0.0% | points=    0/8000 | acc=0.9807
[LERF-RANK] step 01/20 | masked=  5.0% | points=  400/8000 | acc=0.9803
[LERF-RANK] step 02/20 | masked= 10.0% | points=  800/8000 | acc=0.9800
[LERF-RANK] step 03/20 | masked= 15.0% | points= 1200/8000 | acc=0.9798
[LERF-RANK] step 04/20 | masked= 20.0% | points= 1600/8000 | acc=0.9777
[LERF-RANK] step 05/20 | masked= 25.0% | points= 2000/8000 | acc=0.9755
[LERF-RANK] step 06/20 | masked= 30.0% | points= 2400/8000 | acc=0.9708
[LERF-RANK] step 07/20 | masked= 35.0% | points= 2800/8000 | acc=0.9592
[LERF-RANK] step 08/20 | masked= 40.0% | points= 3200/8000 | acc=0.9367
[LERF-RANK] step 09/20 | masked= 45.0% | points= 3600/8000 | acc=0.9085
[LERF-RANK] step 10/20 | masked= 50.0% | points= 4000/8000 | acc=0.8545
[LERF-RANK] step 11/20 | masked= 55.0% | points= 4400/8000 | acc=0.7867
[LERF-RANK] step 12/20 | masked= 60.0% | points= 4800/8000 | acc=0.7185
[LERF-RANK] step 13/20 | masked= 65.0% | points= 5200/8000 | acc=0.6408
[LERF-RANK] step 14/20 | masked= 70.0% | points= 5600/8000 | acc=0.5760
[LERF-RANK] step 15/20 | masked= 75.0% | points= 6000/8000 | acc=0.5182
[LERF-RANK] step 16/20 | masked= 80.0% | points= 6400/8000 | acc=0.4758
[LERF-RANK] step 17/20 | masked= 85.0% | points= 6800/8000 | acc=0.4277
[LERF-RANK] step 18/20 | masked= 90.0% | points= 7200/8000 | acc=0.3772
[LERF-RANK] step 19/20 | masked= 95.0% | points= 7600/8000 | acc=0.2513
[LERF-RANK] step 20/20 | masked=100.0% | points= 8000/8000 | acc=0.1482
Saved to: /mnt/left/home/2025/tony/hsinyuan/AIM_audio/morf_lerf/audiomnist/res1dnet31/road
