[PGD] Using default eps for (res1dnet31 x audiomnist) = 0.045
[DATA] dataset=audiomnist X_wave=(6000, 8000) y=(6000,)
[MODEL] loading ckpt: /mnt/left/home/2025/tony/hsinyuan/AIM_audio/experiment_utils/checkpoints/audiomnist/res1dnet31/best_model.pth
[EXPL] loading: /mnt/left/home/2025/tony/hsinyuan/AIM_audio/expl_audiomnist/res1dnet31/integrad_abs.npy
[EXPL] saliency: (6000, 8000)
[ORDER] Loading cached orders from /mnt/left/home/2025/tony/hsinyuan/AIM_audio/morf_lerf/_cache/audiomnist/res1dnet31/orders/integrad_abs_desc.npy
[PGD] Loading cached PGD from /mnt/left/home/2025/tony/hsinyuan/AIM_audio/morf_lerf/_cache/audiomnist/res1dnet31/pgd/nofold/pgd_eps0.045_steps20.npy
[MORF-RANK] step 00/20 | masked=  0.0% | points=    0/8000 | acc=0.9807
[MORF-RANK] step 01/20 | masked=  5.0% | points=  400/8000 | acc=0.9452
[MORF-RANK] step 02/20 | masked= 10.0% | points=  800/8000 | acc=0.8990
[MORF-RANK] step 03/20 | masked= 15.0% | points= 1200/8000 | acc=0.8363
[MORF-RANK] step 04/20 | masked= 20.0% | points= 1600/8000 | acc=0.7475
[MORF-RANK] step 05/20 | masked= 25.0% | points= 2000/8000 | acc=0.6583
[MORF-RANK] step 06/20 | masked= 30.0% | points= 2400/8000 | acc=0.5660
[MORF-RANK] step 07/20 | masked= 35.0% | points= 2800/8000 | acc=0.4888
[MORF-RANK] step 08/20 | masked= 40.0% | points= 3200/8000 | acc=0.4303
[MORF-RANK] step 09/20 | masked= 45.0% | points= 3600/8000 | acc=0.3837
[MORF-RANK] step 10/20 | masked= 50.0% | points= 4000/8000 | acc=0.3470
[MORF-RANK] step 11/20 | masked= 55.0% | points= 4400/8000 | acc=0.3177
[MORF-RANK] step 12/20 | masked= 60.0% | points= 4800/8000 | acc=0.2932
[MORF-RANK] step 13/20 | masked= 65.0% | points= 5200/8000 | acc=0.2750
[MORF-RANK] step 14/20 | masked= 70.0% | points= 5600/8000 | acc=0.2645
[MORF-RANK] step 15/20 | masked= 75.0% | points= 6000/8000 | acc=0.2543
[MORF-RANK] step 16/20 | masked= 80.0% | points= 6400/8000 | acc=0.2472
[MORF-RANK] step 17/20 | masked= 85.0% | points= 6800/8000 | acc=0.2413
[MORF-RANK] step 18/20 | masked= 90.0% | points= 7200/8000 | acc=0.2373
[MORF-RANK] step 19/20 | masked= 95.0% | points= 7600/8000 | acc=0.2333
[MORF-RANK] step 20/20 | masked=100.0% | points= 8000/8000 | acc=0.2290
[LERF-RANK] step 00/20 | masked=  0.0% | points=    0/8000 | acc=0.9807
[LERF-RANK] step 01/20 | masked=  5.0% | points=  400/8000 | acc=0.9783
[LERF-RANK] step 02/20 | masked= 10.0% | points=  800/8000 | acc=0.9762
[LERF-RANK] step 03/20 | masked= 15.0% | points= 1200/8000 | acc=0.9735
[LERF-RANK] step 04/20 | masked= 20.0% | points= 1600/8000 | acc=0.9717
[LERF-RANK] step 05/20 | masked= 25.0% | points= 2000/8000 | acc=0.9698
[LERF-RANK] step 06/20 | masked= 30.0% | points= 2400/8000 | acc=0.9675
[LERF-RANK] step 07/20 | masked= 35.0% | points= 2800/8000 | acc=0.9642
[LERF-RANK] step 08/20 | masked= 40.0% | points= 3200/8000 | acc=0.9593
[LERF-RANK] step 09/20 | masked= 45.0% | points= 3600/8000 | acc=0.9528
[LERF-RANK] step 10/20 | masked= 50.0% | points= 4000/8000 | acc=0.9440
[LERF-RANK] step 11/20 | masked= 55.0% | points= 4400/8000 | acc=0.9283
[LERF-RANK] step 12/20 | masked= 60.0% | points= 4800/8000 | acc=0.8997
[LERF-RANK] step 13/20 | masked= 65.0% | points= 5200/8000 | acc=0.8598
[LERF-RANK] step 14/20 | masked= 70.0% | points= 5600/8000 | acc=0.7995
[LERF-RANK] step 15/20 | masked= 75.0% | points= 6000/8000 | acc=0.7147
[LERF-RANK] step 16/20 | masked= 80.0% | points= 6400/8000 | acc=0.6208
[LERF-RANK] step 17/20 | masked= 85.0% | points= 6800/8000 | acc=0.5185
[LERF-RANK] step 18/20 | masked= 90.0% | points= 7200/8000 | acc=0.4168
[LERF-RANK] step 19/20 | masked= 95.0% | points= 7600/8000 | acc=0.3242
[LERF-RANK] step 20/20 | masked=100.0% | points= 8000/8000 | acc=0.2290
Saved to: /mnt/left/home/2025/tony/hsinyuan/AIM_audio/morf_lerf/audiomnist/res1dnet31/pgd
