[DATA] dataset=audiomnist X_wave=(6000, 8000) y=(6000,)
[MODEL] loading ckpt: /mnt/left/home/2025/tony/hsinyuan/AIM_audio/experiment_utils/checkpoints/audiomnist/res1dnet31/best_model.pth
[EXPL] loading: /mnt/left/home/2025/tony/hsinyuan/AIM_audio/expl_audiomnist/res1dnet31/smoothgrad_sq.npy
[EXPL] saliency: (6000, 8000)
[ORDER] Loading cached orders from /mnt/left/home/2025/tony/hsinyuan/AIM_audio/morf_lerf/_cache/audiomnist/res1dnet31/orders/smoothgrad_sq_desc.npy
[MORF-RANK] step 00/20 | masked=  0.0% | points=    0/8000 | acc=0.9807
[MORF-RANK] step 01/20 | masked=  5.0% | points=  400/8000 | acc=0.9043
[MORF-RANK] step 02/20 | masked= 10.0% | points=  800/8000 | acc=0.8337
[MORF-RANK] step 03/20 | masked= 15.0% | points= 1200/8000 | acc=0.7473
[MORF-RANK] step 04/20 | masked= 20.0% | points= 1600/8000 | acc=0.6678
[MORF-RANK] step 05/20 | masked= 25.0% | points= 2000/8000 | acc=0.5957
[MORF-RANK] step 06/20 | masked= 30.0% | points= 2400/8000 | acc=0.5437
[MORF-RANK] step 07/20 | masked= 35.0% | points= 2800/8000 | acc=0.4957
[MORF-RANK] step 08/20 | masked= 40.0% | points= 3200/8000 | acc=0.4653
[MORF-RANK] step 09/20 | masked= 45.0% | points= 3600/8000 | acc=0.4328
[MORF-RANK] step 10/20 | masked= 50.0% | points= 4000/8000 | acc=0.4092
[MORF-RANK] step 11/20 | masked= 55.0% | points= 4400/8000 | acc=0.3815
[MORF-RANK] step 12/20 | masked= 60.0% | points= 4800/8000 | acc=0.3543
[MORF-RANK] step 13/20 | masked= 65.0% | points= 5200/8000 | acc=0.3323
[MORF-RANK] step 14/20 | masked= 70.0% | points= 5600/8000 | acc=0.3063
[MORF-RANK] step 15/20 | masked= 75.0% | points= 6000/8000 | acc=0.2838
[MORF-RANK] step 16/20 | masked= 80.0% | points= 6400/8000 | acc=0.2560
[MORF-RANK] step 17/20 | masked= 85.0% | points= 6800/8000 | acc=0.2262
[MORF-RANK] step 18/20 | masked= 90.0% | points= 7200/8000 | acc=0.2162
[MORF-RANK] step 19/20 | masked= 95.0% | points= 7600/8000 | acc=0.1810
[MORF-RANK] step 20/20 | masked=100.0% | points= 8000/8000 | acc=0.1480
[LERF-RANK] step 00/20 | masked=  0.0% | points=    0/8000 | acc=0.9807
[LERF-RANK] step 01/20 | masked=  5.0% | points=  400/8000 | acc=0.9500
[LERF-RANK] step 02/20 | masked= 10.0% | points=  800/8000 | acc=0.9105
[LERF-RANK] step 03/20 | masked= 15.0% | points= 1200/8000 | acc=0.8663
[LERF-RANK] step 04/20 | masked= 20.0% | points= 1600/8000 | acc=0.8242
[LERF-RANK] step 05/20 | masked= 25.0% | points= 2000/8000 | acc=0.7810
[LERF-RANK] step 06/20 | masked= 30.0% | points= 2400/8000 | acc=0.7320
[LERF-RANK] step 07/20 | masked= 35.0% | points= 2800/8000 | acc=0.6753
[LERF-RANK] step 08/20 | masked= 40.0% | points= 3200/8000 | acc=0.6205
[LERF-RANK] step 09/20 | masked= 45.0% | points= 3600/8000 | acc=0.5573
[LERF-RANK] step 10/20 | masked= 50.0% | points= 4000/8000 | acc=0.4978
[LERF-RANK] step 11/20 | masked= 55.0% | points= 4400/8000 | acc=0.4253
[LERF-RANK] step 12/20 | masked= 60.0% | points= 4800/8000 | acc=0.3538
[LERF-RANK] step 13/20 | masked= 65.0% | points= 5200/8000 | acc=0.2768
[LERF-RANK] step 14/20 | masked= 70.0% | points= 5600/8000 | acc=0.2235
[LERF-RANK] step 15/20 | masked= 75.0% | points= 6000/8000 | acc=0.1908
[LERF-RANK] step 16/20 | masked= 80.0% | points= 6400/8000 | acc=0.1747
[LERF-RANK] step 17/20 | masked= 85.0% | points= 6800/8000 | acc=0.1692
[LERF-RANK] step 18/20 | masked= 90.0% | points= 7200/8000 | acc=0.1635
[LERF-RANK] step 19/20 | masked= 95.0% | points= 7600/8000 | acc=0.1592
[LERF-RANK] step 20/20 | masked=100.0% | points= 8000/8000 | acc=0.1450
Saved to: /mnt/left/home/2025/tony/hsinyuan/AIM_audio/morf_lerf/audiomnist/res1dnet31/road
