[PGD] Using default eps for (res1dnet31 x audiomnist) = 0.045
[DATA] dataset=audiomnist X_wave=(6000, 8000) y=(6000,)
[MODEL] loading ckpt: /mnt/left/home/2025/tony/hsinyuan/AIM_audio/experiment_utils/checkpoints/audiomnist/res1dnet31/best_model.pth
[EXPL] loading: /mnt/left/home/2025/tony/hsinyuan/AIM_audio/expl_audiomnist/res1dnet31/smoothgrad.npy
[EXPL] saliency: (6000, 8000)
[ORDER] Loading cached orders from /mnt/left/home/2025/tony/hsinyuan/AIM_audio/morf_lerf/_cache/audiomnist/res1dnet31/orders/smoothgrad_desc.npy
[PGD] Running PGD once on FULL waveform...
[PGD] Saved to /mnt/left/home/2025/tony/hsinyuan/AIM_audio/morf_lerf/_cache/audiomnist/res1dnet31/pgd/nofold/pgd_eps0.045_steps20.npy
[MORF-RANK] step 00/20 | masked=  0.0% | points=    0/8000 | acc=0.9807
[MORF-RANK] step 01/20 | masked=  5.0% | points=  400/8000 | acc=0.9140
[MORF-RANK] step 02/20 | masked= 10.0% | points=  800/8000 | acc=0.8563
[MORF-RANK] step 03/20 | masked= 15.0% | points= 1200/8000 | acc=0.8047
[MORF-RANK] step 04/20 | masked= 20.0% | points= 1600/8000 | acc=0.7598
[MORF-RANK] step 05/20 | masked= 25.0% | points= 2000/8000 | acc=0.7300
[MORF-RANK] step 06/20 | masked= 30.0% | points= 2400/8000 | acc=0.7000
[MORF-RANK] step 07/20 | masked= 35.0% | points= 2800/8000 | acc=0.6753
[MORF-RANK] step 08/20 | masked= 40.0% | points= 3200/8000 | acc=0.6567
[MORF-RANK] step 09/20 | masked= 45.0% | points= 3600/8000 | acc=0.6398
[MORF-RANK] step 10/20 | masked= 50.0% | points= 4000/8000 | acc=0.6242
[MORF-RANK] step 11/20 | masked= 55.0% | points= 4400/8000 | acc=0.6090
[MORF-RANK] step 12/20 | masked= 60.0% | points= 4800/8000 | acc=0.5975
[MORF-RANK] step 13/20 | masked= 65.0% | points= 5200/8000 | acc=0.5820
[MORF-RANK] step 14/20 | masked= 70.0% | points= 5600/8000 | acc=0.5633
[MORF-RANK] step 15/20 | masked= 75.0% | points= 6000/8000 | acc=0.5427
[MORF-RANK] step 16/20 | masked= 80.0% | points= 6400/8000 | acc=0.5138
[MORF-RANK] step 17/20 | masked= 85.0% | points= 6800/8000 | acc=0.4782
[MORF-RANK] step 18/20 | masked= 90.0% | points= 7200/8000 | acc=0.4202
[MORF-RANK] step 19/20 | masked= 95.0% | points= 7600/8000 | acc=0.3423
[MORF-RANK] step 20/20 | masked=100.0% | points= 8000/8000 | acc=0.2290
[LERF-RANK] step 00/20 | masked=  0.0% | points=    0/8000 | acc=0.9807
[LERF-RANK] step 01/20 | masked=  5.0% | points=  400/8000 | acc=0.9180
[LERF-RANK] step 02/20 | masked= 10.0% | points=  800/8000 | acc=0.8607
[LERF-RANK] step 03/20 | masked= 15.0% | points= 1200/8000 | acc=0.8140
[LERF-RANK] step 04/20 | masked= 20.0% | points= 1600/8000 | acc=0.7707
[LERF-RANK] step 05/20 | masked= 25.0% | points= 2000/8000 | acc=0.7392
[LERF-RANK] step 06/20 | masked= 30.0% | points= 2400/8000 | acc=0.7105
[LERF-RANK] step 07/20 | masked= 35.0% | points= 2800/8000 | acc=0.6873
[LERF-RANK] step 08/20 | masked= 40.0% | points= 3200/8000 | acc=0.6668
[LERF-RANK] step 09/20 | masked= 45.0% | points= 3600/8000 | acc=0.6513
[LERF-RANK] step 10/20 | masked= 50.0% | points= 4000/8000 | acc=0.6345
[LERF-RANK] step 11/20 | masked= 55.0% | points= 4400/8000 | acc=0.6210
[LERF-RANK] step 12/20 | masked= 60.0% | points= 4800/8000 | acc=0.6043
[LERF-RANK] step 13/20 | masked= 65.0% | points= 5200/8000 | acc=0.5913
[LERF-RANK] step 14/20 | masked= 70.0% | points= 5600/8000 | acc=0.5740
[LERF-RANK] step 15/20 | masked= 75.0% | points= 6000/8000 | acc=0.5520
[LERF-RANK] step 16/20 | masked= 80.0% | points= 6400/8000 | acc=0.5235
[LERF-RANK] step 17/20 | masked= 85.0% | points= 6800/8000 | acc=0.4872
[LERF-RANK] step 18/20 | masked= 90.0% | points= 7200/8000 | acc=0.4282
[LERF-RANK] step 19/20 | masked= 95.0% | points= 7600/8000 | acc=0.3488
[LERF-RANK] step 20/20 | masked=100.0% | points= 8000/8000 | acc=0.2290
Saved to: /mnt/left/home/2025/tony/hsinyuan/AIM_audio/morf_lerf/audiomnist/res1dnet31/pgd
