[DATA] dataset=audiomnist X_wave=(6000, 8000) y=(6000,)
[MODEL] loading ckpt: /mnt/left/home/2025/tony/hsinyuan/AIM_audio/experiment_utils/checkpoints/audiomnist/res1dnet31/best_model.pth
[EXPL] loading: /mnt/left/home/2025/tony/hsinyuan/AIM_audio/expl_audiomnist/res1dnet31/smoothgrad_abs.npy
[EXPL] saliency: (6000, 8000)
[ORDER] Computing per-sample ranking (desc)...
[ORDER] Saved to /mnt/left/home/2025/tony/hsinyuan/AIM_audio/morf_lerf/_cache/audiomnist/res1dnet31/orders/smoothgrad_abs_desc.npy
[MORF-RANK] step 00/20 | masked=  0.0% | points=    0/8000 | acc=0.9807
[MORF-RANK] step 01/20 | masked=  5.0% | points=  400/8000 | acc=0.9440
[MORF-RANK] step 02/20 | masked= 10.0% | points=  800/8000 | acc=0.8878
[MORF-RANK] step 03/20 | masked= 15.0% | points= 1200/8000 | acc=0.8035
[MORF-RANK] step 04/20 | masked= 20.0% | points= 1600/8000 | acc=0.7130
[MORF-RANK] step 05/20 | masked= 25.0% | points= 2000/8000 | acc=0.6313
[MORF-RANK] step 06/20 | masked= 30.0% | points= 2400/8000 | acc=0.5645
[MORF-RANK] step 07/20 | masked= 35.0% | points= 2800/8000 | acc=0.5172
[MORF-RANK] step 08/20 | masked= 40.0% | points= 3200/8000 | acc=0.4752
[MORF-RANK] step 09/20 | masked= 45.0% | points= 3600/8000 | acc=0.4408
[MORF-RANK] step 10/20 | masked= 50.0% | points= 4000/8000 | acc=0.4025
[MORF-RANK] step 11/20 | masked= 55.0% | points= 4400/8000 | acc=0.3698
[MORF-RANK] step 12/20 | masked= 60.0% | points= 4800/8000 | acc=0.3343
[MORF-RANK] step 13/20 | masked= 65.0% | points= 5200/8000 | acc=0.2942
[MORF-RANK] step 14/20 | masked= 70.0% | points= 5600/8000 | acc=0.2593
[MORF-RANK] step 15/20 | masked= 75.0% | points= 6000/8000 | acc=0.2260
[MORF-RANK] step 16/20 | masked= 80.0% | points= 6400/8000 | acc=0.2065
[MORF-RANK] step 17/20 | masked= 85.0% | points= 6800/8000 | acc=0.1842
[MORF-RANK] step 18/20 | masked= 90.0% | points= 7200/8000 | acc=0.1633
[MORF-RANK] step 19/20 | masked= 95.0% | points= 7600/8000 | acc=0.1248
[MORF-RANK] step 20/20 | masked=100.0% | points= 8000/8000 | acc=0.1000
[LERF-RANK] step 00/20 | masked=  0.0% | points=    0/8000 | acc=0.9807
[LERF-RANK] step 01/20 | masked=  5.0% | points=  400/8000 | acc=0.9635
[LERF-RANK] step 02/20 | masked= 10.0% | points=  800/8000 | acc=0.9415
[LERF-RANK] step 03/20 | masked= 15.0% | points= 1200/8000 | acc=0.9167
[LERF-RANK] step 04/20 | masked= 20.0% | points= 1600/8000 | acc=0.8883
[LERF-RANK] step 05/20 | masked= 25.0% | points= 2000/8000 | acc=0.8645
[LERF-RANK] step 06/20 | masked= 30.0% | points= 2400/8000 | acc=0.8355
[LERF-RANK] step 07/20 | masked= 35.0% | points= 2800/8000 | acc=0.8017
[LERF-RANK] step 08/20 | masked= 40.0% | points= 3200/8000 | acc=0.7528
[LERF-RANK] step 09/20 | masked= 45.0% | points= 3600/8000 | acc=0.6915
[LERF-RANK] step 10/20 | masked= 50.0% | points= 4000/8000 | acc=0.6218
[LERF-RANK] step 11/20 | masked= 55.0% | points= 4400/8000 | acc=0.5503
[LERF-RANK] step 12/20 | masked= 60.0% | points= 4800/8000 | acc=0.4645
[LERF-RANK] step 13/20 | masked= 65.0% | points= 5200/8000 | acc=0.3628
[LERF-RANK] step 14/20 | masked= 70.0% | points= 5600/8000 | acc=0.2762
[LERF-RANK] step 15/20 | masked= 75.0% | points= 6000/8000 | acc=0.2103
[LERF-RANK] step 16/20 | masked= 80.0% | points= 6400/8000 | acc=0.1675
[LERF-RANK] step 17/20 | masked= 85.0% | points= 6800/8000 | acc=0.1397
[LERF-RANK] step 18/20 | masked= 90.0% | points= 7200/8000 | acc=0.1282
[LERF-RANK] step 19/20 | masked= 95.0% | points= 7600/8000 | acc=0.1140
[LERF-RANK] step 20/20 | masked=100.0% | points= 8000/8000 | acc=0.1000
Saved to: /mnt/left/home/2025/tony/hsinyuan/AIM_audio/morf_lerf/audiomnist/res1dnet31/zero
