[DATA] dataset=msos X_wave=(500, 160000) y=(500,)
[MODEL] loading ckpt: /mnt/left/home/2025/tony/hsinyuan/AIM_audio/experiment_utils/checkpoints/msos/res1dnet31/best_model.pth
[EXPL] loading: /mnt/left/home/2025/tony/hsinyuan/AIM_audio/expl_msos/res1dnet31/smoothgrad.npy
[EXPL] saliency: (500, 160000)
[ORDER] Loading cached orders from /mnt/left/home/2025/tony/hsinyuan/AIM_audio/morf_lerf/_cache/msos/res1dnet31/orders/smoothgrad_desc.npy
[MORF-RANK] step 00/20 | masked=  0.0% | points=    0/160000 | acc=0.9180
[MORF-RANK] step 01/20 | masked=  5.0% | points= 8000/160000 | acc=0.7700
[MORF-RANK] step 02/20 | masked= 10.0% | points=16000/160000 | acc=0.7580
[MORF-RANK] step 03/20 | masked= 15.0% | points=24000/160000 | acc=0.7300
[MORF-RANK] step 04/20 | masked= 20.0% | points=32000/160000 | acc=0.6920
[MORF-RANK] step 05/20 | masked= 25.0% | points=40000/160000 | acc=0.6680
[MORF-RANK] step 06/20 | masked= 30.0% | points=48000/160000 | acc=0.6240
[MORF-RANK] step 07/20 | masked= 35.0% | points=56000/160000 | acc=0.6060
[MORF-RANK] step 08/20 | masked= 40.0% | points=64000/160000 | acc=0.5820
[MORF-RANK] step 09/20 | masked= 45.0% | points=72000/160000 | acc=0.5580
[MORF-RANK] step 10/20 | masked= 50.0% | points=80000/160000 | acc=0.5300
[MORF-RANK] step 11/20 | masked= 55.0% | points=88000/160000 | acc=0.4660
[MORF-RANK] step 12/20 | masked= 60.0% | points=96000/160000 | acc=0.4360
[MORF-RANK] step 13/20 | masked= 65.0% | points=104000/160000 | acc=0.4200
[MORF-RANK] step 14/20 | masked= 70.0% | points=112000/160000 | acc=0.3880
[MORF-RANK] step 15/20 | masked= 75.0% | points=120000/160000 | acc=0.3760
[MORF-RANK] step 16/20 | masked= 80.0% | points=128000/160000 | acc=0.3480
[MORF-RANK] step 17/20 | masked= 85.0% | points=136000/160000 | acc=0.3520
[MORF-RANK] step 18/20 | masked= 90.0% | points=144000/160000 | acc=0.3460
[MORF-RANK] step 19/20 | masked= 95.0% | points=152000/160000 | acc=0.3220
[MORF-RANK] step 20/20 | masked=100.0% | points=160000/160000 | acc=0.2000
[LERF-RANK] step 00/20 | masked=  0.0% | points=    0/160000 | acc=0.9180
[LERF-RANK] step 01/20 | masked=  5.0% | points= 8000/160000 | acc=0.7420
[LERF-RANK] step 02/20 | masked= 10.0% | points=16000/160000 | acc=0.7080
[LERF-RANK] step 03/20 | masked= 15.0% | points=24000/160000 | acc=0.7000
[LERF-RANK] step 04/20 | masked= 20.0% | points=32000/160000 | acc=0.6760
[LERF-RANK] step 05/20 | masked= 25.0% | points=40000/160000 | acc=0.6460
[LERF-RANK] step 06/20 | masked= 30.0% | points=48000/160000 | acc=0.5740
[LERF-RANK] step 07/20 | masked= 35.0% | points=56000/160000 | acc=0.5600
[LERF-RANK] step 08/20 | masked= 40.0% | points=64000/160000 | acc=0.5700
[LERF-RANK] step 09/20 | masked= 45.0% | points=72000/160000 | acc=0.5020
[LERF-RANK] step 10/20 | masked= 50.0% | points=80000/160000 | acc=0.5040
[LERF-RANK] step 11/20 | masked= 55.0% | points=88000/160000 | acc=0.4840
[LERF-RANK] step 12/20 | masked= 60.0% | points=96000/160000 | acc=0.4440
[LERF-RANK] step 13/20 | masked= 65.0% | points=104000/160000 | acc=0.4240
[LERF-RANK] step 14/20 | masked= 70.0% | points=112000/160000 | acc=0.4060
[LERF-RANK] step 15/20 | masked= 75.0% | points=120000/160000 | acc=0.4060
[LERF-RANK] step 16/20 | masked= 80.0% | points=128000/160000 | acc=0.3740
[LERF-RANK] step 17/20 | masked= 85.0% | points=136000/160000 | acc=0.3480
[LERF-RANK] step 18/20 | masked= 90.0% | points=144000/160000 | acc=0.3280
[LERF-RANK] step 19/20 | masked= 95.0% | points=152000/160000 | acc=0.2820
[LERF-RANK] step 20/20 | masked=100.0% | points=160000/160000 | acc=0.2000
Saved to: /mnt/left/home/2025/tony/hsinyuan/AIM_audio/morf_lerf/msos/res1dnet31/road
