[PGD] Using default eps for (res1dnet31 x audiomnist) = 0.045
[DATA] dataset=audiomnist X_wave=(6000, 8000) y=(6000,)
[MODEL] loading ckpt: /mnt/left/home/2025/tony/hsinyuan/AIM_audio/experiment_utils/checkpoints/audiomnist/res1dnet31/best_model.pth
[EXPL] loading: /mnt/left/home/2025/tony/hsinyuan/AIM_audio/expl_audiomnist/res1dnet31/smoothgrad_abs.npy
[EXPL] saliency: (6000, 8000)
[ORDER] Loading cached orders from /mnt/left/home/2025/tony/hsinyuan/AIM_audio/morf_lerf/_cache/audiomnist/res1dnet31/orders/smoothgrad_abs_desc.npy
[PGD] Loading cached PGD from /mnt/left/home/2025/tony/hsinyuan/AIM_audio/morf_lerf/_cache/audiomnist/res1dnet31/pgd/nofold/pgd_eps0.045_steps20.npy
[MORF-RANK] step 00/20 | masked=  0.0% | points=    0/8000 | acc=0.9807
[MORF-RANK] step 01/20 | masked=  5.0% | points=  400/8000 | acc=0.8995
[MORF-RANK] step 02/20 | masked= 10.0% | points=  800/8000 | acc=0.7853
[MORF-RANK] step 03/20 | masked= 15.0% | points= 1200/8000 | acc=0.6767
[MORF-RANK] step 04/20 | masked= 20.0% | points= 1600/8000 | acc=0.5893
[MORF-RANK] step 05/20 | masked= 25.0% | points= 2000/8000 | acc=0.5270
[MORF-RANK] step 06/20 | masked= 30.0% | points= 2400/8000 | acc=0.4760
[MORF-RANK] step 07/20 | masked= 35.0% | points= 2800/8000 | acc=0.4403
[MORF-RANK] step 08/20 | masked= 40.0% | points= 3200/8000 | acc=0.4067
[MORF-RANK] step 09/20 | masked= 45.0% | points= 3600/8000 | acc=0.3792
[MORF-RANK] step 10/20 | masked= 50.0% | points= 4000/8000 | acc=0.3553
[MORF-RANK] step 11/20 | masked= 55.0% | points= 4400/8000 | acc=0.3358
[MORF-RANK] step 12/20 | masked= 60.0% | points= 4800/8000 | acc=0.3167
[MORF-RANK] step 13/20 | masked= 65.0% | points= 5200/8000 | acc=0.3033
[MORF-RANK] step 14/20 | masked= 70.0% | points= 5600/8000 | acc=0.2923
[MORF-RANK] step 15/20 | masked= 75.0% | points= 6000/8000 | acc=0.2783
[MORF-RANK] step 16/20 | masked= 80.0% | points= 6400/8000 | acc=0.2652
[MORF-RANK] step 17/20 | masked= 85.0% | points= 6800/8000 | acc=0.2535
[MORF-RANK] step 18/20 | masked= 90.0% | points= 7200/8000 | acc=0.2442
[MORF-RANK] step 19/20 | masked= 95.0% | points= 7600/8000 | acc=0.2357
[MORF-RANK] step 20/20 | masked=100.0% | points= 8000/8000 | acc=0.2290
[LERF-RANK] step 00/20 | masked=  0.0% | points=    0/8000 | acc=0.9807
[LERF-RANK] step 01/20 | masked=  5.0% | points=  400/8000 | acc=0.9798
[LERF-RANK] step 02/20 | masked= 10.0% | points=  800/8000 | acc=0.9783
[LERF-RANK] step 03/20 | masked= 15.0% | points= 1200/8000 | acc=0.9757
[LERF-RANK] step 04/20 | masked= 20.0% | points= 1600/8000 | acc=0.9737
[LERF-RANK] step 05/20 | masked= 25.0% | points= 2000/8000 | acc=0.9698
[LERF-RANK] step 06/20 | masked= 30.0% | points= 2400/8000 | acc=0.9650
[LERF-RANK] step 07/20 | masked= 35.0% | points= 2800/8000 | acc=0.9622
[LERF-RANK] step 08/20 | masked= 40.0% | points= 3200/8000 | acc=0.9583
[LERF-RANK] step 09/20 | masked= 45.0% | points= 3600/8000 | acc=0.9542
[LERF-RANK] step 10/20 | masked= 50.0% | points= 4000/8000 | acc=0.9498
[LERF-RANK] step 11/20 | masked= 55.0% | points= 4400/8000 | acc=0.9435
[LERF-RANK] step 12/20 | masked= 60.0% | points= 4800/8000 | acc=0.9352
[LERF-RANK] step 13/20 | masked= 65.0% | points= 5200/8000 | acc=0.9237
[LERF-RANK] step 14/20 | masked= 70.0% | points= 5600/8000 | acc=0.9040
[LERF-RANK] step 15/20 | masked= 75.0% | points= 6000/8000 | acc=0.8715
[LERF-RANK] step 16/20 | masked= 80.0% | points= 6400/8000 | acc=0.8215
[LERF-RANK] step 17/20 | masked= 85.0% | points= 6800/8000 | acc=0.7370
[LERF-RANK] step 18/20 | masked= 90.0% | points= 7200/8000 | acc=0.6140
[LERF-RANK] step 19/20 | masked= 95.0% | points= 7600/8000 | acc=0.4398
[LERF-RANK] step 20/20 | masked=100.0% | points= 8000/8000 | acc=0.2290
Saved to: /mnt/left/home/2025/tony/hsinyuan/AIM_audio/morf_lerf/audiomnist/res1dnet31/pgd
