[PGD] Using default eps for (res1dnet31 x esc50) = 0.02
[DATA] dataset=esc50 X_wave=(400, 160000) y=(400,)
[MODEL] loading ckpt: /mnt/left/home/2025/tony/hsinyuan/AIM_audio/experiment_utils/checkpoints/esc50/res1dnet31/fold_1/best_model.pth
[EXPL] loading: /mnt/left/home/2025/tony/hsinyuan/AIM_audio/expl_esc50/res1dnet31/fold_1/gradinput.npy
[EXPL] saliency: (400, 160000)
[ORDER] Loading cached orders from /mnt/left/home/2025/tony/hsinyuan/AIM_audio/morf_lerf/_cache/esc50/res1dnet31/orders/gradinput_desc.npy
[PGD] Running PGD once on FULL waveform...
Traceback (most recent call last):
  File "/mnt/left/home/2025/tony/hsinyuan/AIM_audio/experiment/test_waveform.py", line 723, in <module>
    main()
  File "/mnt/left/home/2025/tony/hsinyuan/AIM_audio/experiment/test_waveform.py", line 659, in main
    X_adv = pgd_attack_waveform(
            ^^^^^^^^^^^^^^^^^^^^
  File "/mnt/left/home/2025/tony/hsinyuan/AIM_audio/experiment/test_waveform.py", line 198, in pgd_attack_waveform
    out = model(adapt_wave_input(xb, model_name))
          ^^^^^^^^^^^^^^^^^^^^^^^^^^^^^^^^^^^^^^^
  File "/mnt/left/home/2025/tony/hsinyuan/python_3-11-8/lib/python3.11/site-packages/torch/nn/modules/module.py", line 1775, in _wrapped_call_impl
    return self._call_impl(*args, **kwargs)
           ^^^^^^^^^^^^^^^^^^^^^^^^^^^^^^^^
  File "/mnt/left/home/2025/tony/hsinyuan/python_3-11-8/lib/python3.11/site-packages/torch/nn/modules/module.py", line 1786, in _call_impl
    return forward_call(*args, **kwargs)
           ^^^^^^^^^^^^^^^^^^^^^^^^^^^^^
  File "/mnt/left/home/2025/tony/hsinyuan/AIM_audio/experiment_utils/model/res1dnet31.py", line 211, in forward
    x = self.resnet(x)   # (B, 2048, T')
        ^^^^^^^^^^^^^^
  File "/mnt/left/home/2025/tony/hsinyuan/python_3-11-8/lib/python3.11/site-packages/torch/nn/modules/module.py", line 1775, in _wrapped_call_impl
    return self._call_impl(*args, **kwargs)
           ^^^^^^^^^^^^^^^^^^^^^^^^^^^^^^^^
  File "/mnt/left/home/2025/tony/hsinyuan/python_3-11-8/lib/python3.11/site-packages/torch/nn/modules/module.py", line 1786, in _call_impl
    return forward_call(*args, **kwargs)
           ^^^^^^^^^^^^^^^^^^^^^^^^^^^^^
  File "/mnt/left/home/2025/tony/hsinyuan/AIM_audio/experiment_utils/model/res1dnet31.py", line 151, in forward
    x = self.layer4(x)
        ^^^^^^^^^^^^^^
  File "/mnt/left/home/2025/tony/hsinyuan/python_3-11-8/lib/python3.11/site-packages/torch/nn/modules/module.py", line 1775, in _wrapped_call_impl
    return self._call_impl(*args, **kwargs)
           ^^^^^^^^^^^^^^^^^^^^^^^^^^^^^^^^
  File "/mnt/left/home/2025/tony/hsinyuan/python_3-11-8/lib/python3.11/site-packages/torch/nn/modules/module.py", line 1786, in _call_impl
    return forward_call(*args, **kwargs)
           ^^^^^^^^^^^^^^^^^^^^^^^^^^^^^
  File "/mnt/left/home/2025/tony/hsinyuan/python_3-11-8/lib/python3.11/site-packages/torch/nn/modules/container.py", line 250, in forward
    input = module(input)
            ^^^^^^^^^^^^^
  File "/mnt/left/home/2025/tony/hsinyuan/python_3-11-8/lib/python3.11/site-packages/torch/nn/modules/module.py", line 1775, in _wrapped_call_impl
    return self._call_impl(*args, **kwargs)
           ^^^^^^^^^^^^^^^^^^^^^^^^^^^^^^^^
  File "/mnt/left/home/2025/tony/hsinyuan/python_3-11-8/lib/python3.11/site-packages/torch/nn/modules/module.py", line 1786, in _call_impl
    return forward_call(*args, **kwargs)
           ^^^^^^^^^^^^^^^^^^^^^^^^^^^^^
  File "/mnt/left/home/2025/tony/hsinyuan/AIM_audio/experiment_utils/model/res1dnet31.py", line 72, in forward
    out = self.bn2(out)
          ^^^^^^^^^^^^^
  File "/mnt/left/home/2025/tony/hsinyuan/python_3-11-8/lib/python3.11/site-packages/torch/nn/modules/module.py", line 1775, in _wrapped_call_impl
    return self._call_impl(*args, **kwargs)
           ^^^^^^^^^^^^^^^^^^^^^^^^^^^^^^^^
  File "/mnt/left/home/2025/tony/hsinyuan/python_3-11-8/lib/python3.11/site-packages/torch/nn/modules/module.py", line 1786, in _call_impl
    return forward_call(*args, **kwargs)
           ^^^^^^^^^^^^^^^^^^^^^^^^^^^^^
  File "/mnt/left/home/2025/tony/hsinyuan/python_3-11-8/lib/python3.11/site-packages/torch/nn/modules/batchnorm.py", line 193, in forward
    return F.batch_norm(
           ^^^^^^^^^^^^^
  File "/mnt/left/home/2025/tony/hsinyuan/python_3-11-8/lib/python3.11/site-packages/torch/nn/functional.py", line 2813, in batch_norm
    return torch.batch_norm(
           ^^^^^^^^^^^^^^^^^
torch.OutOfMemoryError: CUDA out of memory. Tried to allocate 64.00 MiB. GPU 0 has a total capacity of 10.75 GiB of which 47.25 MiB is free. Including non-PyTorch memory, this process has 10.12 GiB memory in use. Process 1313807 has 476.00 MiB memory in use. Of the allocated memory 9.91 GiB is allocated by PyTorch, and 35.06 MiB is reserved by PyTorch but unallocated. If reserved but unallocated memory is large try setting PYTORCH_CUDA_ALLOC_CONF=expandable_segments:True to avoid fragmentation.  See documentation for Memory Management  (https://pytorch.org/docs/stable/notes/cuda.html#environment-variables)
